<?xml version="1.0" encoding="UTF-8"?>
<!-- Generated by org.testng.reporters.JUnitXMLReporter -->
<testsuite hostname="LNDA0021" name="Command line test bd0dc986-5681-46f1-9229-29f543c24feb" tests="9" failures="1" timestamp="12 Oct 2015 11:52:33 GMT" time="36.317" errors="0">
  <testcase name="Step_01_Admin_Logs_in_to_the_Application" time="30.069" classname="com.cengage.ng.test.integrationtests.smoketestsuite.TestAdminPerformsAction">
    <failure type="java.lang.NullPointerException">
      <![CDATA[java.lang.NullPointerException
	at com.qait.mindtap.keywords.NG_30104.NG_30181_LoginPageActions.login_to_the_application_as_admin(NG_30181_LoginPageActions.java:34)
	at com.cengage.ng.test.integrationtests.smoketestsuite.TestAdminPerformsAction.Step_01_Admin_Logs_in_to_the_Application(TestAdminPerformsAction.java:31)
... Removed 28 stack frames]]>
    </failure>
  </testcase> <!-- Step_01_Admin_Logs_in_to_the_Application -->
  <testcase name="Step_02_Admin_Logs_in_to_the_Application" time="0.0" classname="com.cengage.ng.test.integrationtests.smoketestsuite.TestAdminPerformsAction">
    <skipped/>
  </testcase> <!-- Step_02_Admin_Logs_in_to_the_Application -->
  <testcase name="adminRefreshMasterNeXtBook" time="0.0" classname="com.cengage.ng.test.integrationtests.smoketestsuite.TestAdminPerformsAction">
    <skipped/>
  </testcase> <!-- adminRefreshMasterNeXtBook -->
  <testcase name="adminCreatesUser" time="0.0" classname="com.cengage.ng.test.integrationtests.smoketestsuite.TestAdminPerformsAction">
    <skipped/>
  </testcase> <!-- adminCreatesUser -->
  <testcase name="adminChangesRoleForCreatedUser" time="0.0" classname="com.cengage.ng.test.integrationtests.smoketestsuite.TestAdminPerformsAction">
    <skipped/>
  </testcase> <!-- adminChangesRoleForCreatedUser -->
  <testcase name="adminDeletesCreatedUser" time="0.0" classname="com.cengage.ng.test.integrationtests.smoketestsuite.TestAdminPerformsAction">
    <skipped/>
  </testcase> <!-- adminDeletesCreatedUser -->
  <testcase name="adminCreatesLearningUnit" time="0.0" classname="com.cengage.ng.test.integrationtests.smoketestsuite.TestAdminPerformsAction">
    <skipped/>
  </testcase> <!-- adminCreatesLearningUnit -->
  <testcase name="verifySearchOperation" time="0.0" classname="com.cengage.ng.test.integrationtests.smoketestsuite.TestAdminPerformsAction">
    <skipped/>
  </testcase> <!-- verifySearchOperation -->
  <testcase name="adminLogout" time="0.0" classname="com.cengage.ng.test.integrationtests.smoketestsuite.TestAdminPerformsAction">
    <skipped/>
  </testcase> <!-- adminLogout -->
</testsuite> <!-- Command line test bd0dc986-5681-46f1-9229-29f543c24feb -->
