<?xml version="1.0" encoding="UTF-8"?>
<!-- Generated by org.testng.reporters.JUnitXMLReporter -->
<testsuite hostname="LNDA0021" name="Command line test 0ca79fc5-877d-4de7-b051-29b5cf6890b6" tests="9" failures="1" timestamp="12 Oct 2015 12:52:41 GMT" time="89.346" errors="0">
  <testcase name="Step_01_Admin_Logs_in_to_the_Application" time="5.863" classname="com.cengage.ng.test.integrationtests.smoketestsuite.TestAdminPerformsAction"/>
  <testcase name="Step_02_Admin_Logs_in_to_the_Application" time="8.471" classname="com.cengage.ng.test.integrationtests.smoketestsuite.TestAdminPerformsAction"/>
  <testcase name="adminRefreshMasterNeXtBook" time="67.046" classname="com.cengage.ng.test.integrationtests.smoketestsuite.TestAdminPerformsAction">
    <failure type="java.lang.NullPointerException">
      <![CDATA[java.lang.NullPointerException
	at org.openqa.selenium.support.ui.ExpectedConditions.elementIfVisible(ExpectedConditions.java:302)
	at org.openqa.selenium.support.ui.ExpectedConditions.access$100(ExpectedConditions.java:41)
	at org.openqa.selenium.support.ui.ExpectedConditions$10.apply(ExpectedConditions.java:288)
	at org.openqa.selenium.support.ui.ExpectedConditions$10.apply(ExpectedConditions.java:285)
	at org.openqa.selenium.support.ui.FluentWait.until(FluentWait.java:209)
	at com.qait.mindtap.automation.utils.SeleniumWait.waitForElementToBeVisible(SeleniumWait.java:53)
	at com.qait.mindtap.automation.getpageobjects.GetPage.isElementDisplayed(GetPage.java:274)
	at com.qait.mindtap.keywords.NG_30104.AdminPerformActions.clickBookModifyOption(AdminPerformActions.java:135)
	at com.cengage.ng.test.integrationtests.smoketestsuite.TestAdminPerformsAction.adminRefreshMasterNeXtBook(TestAdminPerformsAction.java:49)
... Removed 28 stack frames]]>
    </failure>
  </testcase> <!-- adminRefreshMasterNeXtBook -->
  <testcase name="adminCreatesUser" time="0.0" classname="com.cengage.ng.test.integrationtests.smoketestsuite.TestAdminPerformsAction">
    <skipped/>
  </testcase> <!-- adminCreatesUser -->
  <testcase name="adminChangesRoleForCreatedUser" time="0.0" classname="com.cengage.ng.test.integrationtests.smoketestsuite.TestAdminPerformsAction">
    <skipped/>
  </testcase> <!-- adminChangesRoleForCreatedUser -->
  <testcase name="adminDeletesCreatedUser" time="0.0" classname="com.cengage.ng.test.integrationtests.smoketestsuite.TestAdminPerformsAction">
    <skipped/>
  </testcase> <!-- adminDeletesCreatedUser -->
  <testcase name="adminCreatesLearningUnit" time="0.0" classname="com.cengage.ng.test.integrationtests.smoketestsuite.TestAdminPerformsAction">
    <skipped/>
  </testcase> <!-- adminCreatesLearningUnit -->
  <testcase name="verifySearchOperation" time="0.0" classname="com.cengage.ng.test.integrationtests.smoketestsuite.TestAdminPerformsAction">
    <skipped/>
  </testcase> <!-- verifySearchOperation -->
  <testcase name="adminLogout" time="0.0" classname="com.cengage.ng.test.integrationtests.smoketestsuite.TestAdminPerformsAction">
    <skipped/>
  </testcase> <!-- adminLogout -->
</testsuite> <!-- Command line test 0ca79fc5-877d-4de7-b051-29b5cf6890b6 -->
