-------------------------------------------------------------------------------
Test set: com.qait.mindtap.tests.Admin_Create_Master_and_Edit_Provision_Apps_Test
-------------------------------------------------------------------------------
Tests run: 2, Failures: 2, Errors: 0, Skipped: 0, Time elapsed: 43.829 sec <<< FAILURE! - in com.qait.mindtap.tests.Admin_Create_Master_and_Edit_Provision_Apps_Test
Step_01_Admin_Logs_in_to_the_Application(com.qait.mindtap.tests.Admin_Create_Master_and_Edit_Provision_Apps_Test)  Time elapsed: 5.019 sec  <<< FAILURE!
java.lang.UnsupportedOperationException: Not supported yet.
	at com.qait.mindtap.keywords.admin.AdminPageActions.verifyuserIsOnAdminPage(AdminPageActions.java:25)
	at com.qait.mindtap.tests.Admin_Create_Master_and_Edit_Provision_Apps_Test.Step_01_Admin_Logs_in_to_the_Application(Admin_Create_Master_and_Edit_Provision_Apps_Test.java:36)

Step_02_Admin_Creates_MasterNextBook_in_Course_Mode(com.qait.mindtap.tests.Admin_Create_Master_and_Edit_Provision_Apps_Test)  Time elapsed: 0 sec  <<< FAILURE!
java.lang.UnsupportedOperationException: Not supported yet.
	at com.qait.mindtap.keywords.admin.ManageMastersPageActions.createMasterNeXtBookInCourseMode(ManageMastersPageActions.java:22)
	at com.qait.mindtap.tests.Admin_Create_Master_and_Edit_Provision_Apps_Test.Step_02_Admin_Creates_MasterNextBook_in_Course_Mode(Admin_Create_Master_and_Edit_Provision_Apps_Test.java:41)

