<?xml version="1.0" encoding="UTF-8"?>
<!-- Generated by org.testng.reporters.JUnitXMLReporter -->
<testsuite hostname="LNDA0021" name="Command line test 6af46eca-3796-44bc-99f5-a7ee14526eba" tests="5" failures="1" timestamp="2 Nov 2015 13:08:23 GMT" time="87.48" errors="0">
  <testcase name="Step_01_Student_Logs_in_to_the_Application" time="9.232" classname="com.qait.mindtap.tests.NG_30456.TC03_Student_View_Added_Activity"/>
  <testcase name="Step_02_Student_Launch_Course" time="5.518" classname="com.qait.mindtap.tests.NG_30456.TC03_Student_View_Added_Activity"/>
  <testcase name="Step_03_Verify_Weeks_CurrentWeekIcon_Displays_Along_Month_and_Date" time="22.26" classname="com.qait.mindtap.tests.NG_30456.TC03_Student_View_Added_Activity"/>
  <testcase name="Step_04_Verify_Activity_Gets_Added" time="1.631" classname="com.qait.mindtap.tests.NG_30456.TC03_Student_View_Added_Activity"/>
  <testcase name="Step_07_student_LogOut" time="34.85" classname="com.qait.mindtap.tests.NG_30456.TC03_Student_View_Added_Activity">
    <failure type="java.lang.NullPointerException">
      <![CDATA[java.lang.NullPointerException
	at com.qait.mindtap.keywords.NG_30181_LoginPageActions.logOut(NG_30181_LoginPageActions.java:52)
	at com.qait.mindtap.tests.NG_30456.TC03_Student_View_Added_Activity.Step_07_student_LogOut(TC03_Student_View_Added_Activity.java:63)
... Removed 28 stack frames]]>
    </failure>
  </testcase> <!-- Step_07_student_LogOut -->
</testsuite> <!-- Command line test 6af46eca-3796-44bc-99f5-a7ee14526eba -->
