<?xml version="1.0" encoding="UTF-8"?>
<!-- Generated by org.testng.reporters.JUnitXMLReporter -->
<testsuite hostname="LNDA0021" name="Command line test 60e2a1b4-e096-4ac7-95c7-8273802c2d43" tests="9" failures="1" timestamp="6 Oct 2015 07:05:52 GMT" time="136.233" errors="0">
  <testcase name="Step_01_Student_Logs_in_to_the_Application" time="33.778" classname="com.qait.mindtap.tests.NG_30104.NG_30181_TC05_Student_Launch_the_Course"/>
  <testcase name="Step_02_Student_Registers_Course" time="0.0" classname="com.qait.mindtap.tests.NG_30104.NG_30181_TC05_Student_Launch_the_Course"/>
  <testcase name="Step_03_Student_Launch_Course" time="21.224" classname="com.qait.mindtap.tests.NG_30104.NG_30181_TC05_Student_Launch_the_Course"/>
  <testcase name="Step_04_verify_Spalsh_Page_Dispalys_Automatically" time="0.0" classname="com.qait.mindtap.tests.NG_30104.NG_30181_TC05_Student_Launch_the_Course"/>
  <testcase name="Step_05_Verify_Weeks_CurrentWeekIcon_Displays_Along_Month_and_Date" time="51.372" classname="com.qait.mindtap.tests.NG_30104.NG_30181_TC05_Student_Launch_the_Course"/>
  <testcase name="Step_06_Verify_Expand_Collapse_Functionality" time="2.453" classname="com.qait.mindtap.tests.NG_30104.NG_30181_TC05_Student_Launch_the_Course"/>
  <testcase name="Step_07_verify_Splash_Page" time="0.825" classname="com.qait.mindtap.tests.NG_30104.NG_30181_TC05_Student_Launch_the_Course"/>
  <testcase name="Step_08_Verify_Rolling_Week_UI" time="20.013" classname="com.qait.mindtap.tests.NG_30104.NG_30181_TC05_Student_Launch_the_Course"/>
  <testcase name="Step_07_user_LogOut" time="0.002" classname="com.qait.mindtap.tests.NG_30104.NG_30181_TC05_Student_Launch_the_Course">
    <failure type="java.lang.NullPointerException">
      <![CDATA[java.lang.NullPointerException
	at com.qait.mindtap.keywords.NG_30104.NG_30181_LoginPageActions.logOut(NG_30181_LoginPageActions.java:52)
	at com.qait.mindtap.tests.NG_30104.NG_30181_TC05_Student_Launch_the_Course.Step_07_user_LogOut(NG_30181_TC05_Student_Launch_the_Course.java:92)
... Removed 28 stack frames]]>
    </failure>
  </testcase> <!-- Step_07_user_LogOut -->
</testsuite> <!-- Command line test 60e2a1b4-e096-4ac7-95c7-8273802c2d43 -->
