<?xml version="1.0" encoding="UTF-8"?>
<!-- Generated by org.testng.reporters.JUnitXMLReporter -->
<testsuite hostname="LNDA0021" name="Command line test 2403e5d3-a935-40a3-82ed-e7cd4df5440e" tests="9" failures="0" timestamp="6 Oct 2015 07:55:12 GMT" time="160.996" errors="0">
  <testcase name="Step_01_Student_Logs_in_to_the_Application" time="44.795" classname="com.qait.mindtap.tests.NG_30104.NG_30181_TC05_Student_Launch_the_Course"/>
  <testcase name="Step_02_Student_Registers_Course" time="0.0" classname="com.qait.mindtap.tests.NG_30104.NG_30181_TC05_Student_Launch_the_Course"/>
  <testcase name="Step_03_Student_Launch_Course" time="23.204" classname="com.qait.mindtap.tests.NG_30104.NG_30181_TC05_Student_Launch_the_Course"/>
  <testcase name="Step_04_verify_Spalsh_Page_Dispalys_Automatically" time="0.0" classname="com.qait.mindtap.tests.NG_30104.NG_30181_TC05_Student_Launch_the_Course"/>
  <testcase name="Step_05_Verify_Weeks_CurrentWeekIcon_Displays_Along_Month_and_Date" time="53.335" classname="com.qait.mindtap.tests.NG_30104.NG_30181_TC05_Student_Launch_the_Course"/>
  <testcase name="Step_06_Verify_Expand_Collapse_Functionality" time="2.91" classname="com.qait.mindtap.tests.NG_30104.NG_30181_TC05_Student_Launch_the_Course"/>
  <testcase name="Step_07_verify_Splash_Page" time="0.842" classname="com.qait.mindtap.tests.NG_30104.NG_30181_TC05_Student_Launch_the_Course"/>
  <testcase name="Step_08_Verify_Rolling_Week_UI" time="18.138" classname="com.qait.mindtap.tests.NG_30104.NG_30181_TC05_Student_Launch_the_Course"/>
  <testcase name="Step_07_user_LogOut" time="2.722" classname="com.qait.mindtap.tests.NG_30104.NG_30181_TC05_Student_Launch_the_Course"/>
</testsuite> <!-- Command line test 2403e5d3-a935-40a3-82ed-e7cd4df5440e -->
