<?xml version="1.0" encoding="UTF-8"?>
<!-- Generated by org.testng.reporters.JUnitXMLReporter -->
<testsuite hostname="LNDA0021" name="Command line test 7a84923b-a2f9-45bc-8a9b-8e53d1f0862e" tests="9" failures="1" timestamp="6 Oct 2015 07:47:33 GMT" time="181.498" errors="0">
  <testcase name="Step_01_Student_Logs_in_to_the_Application" time="34.122" classname="com.qait.mindtap.tests.NG_30104.NG_30181_TC05_Student_Launch_the_Course"/>
  <testcase name="Step_02_Student_Registers_Course" time="0.0" classname="com.qait.mindtap.tests.NG_30104.NG_30181_TC05_Student_Launch_the_Course"/>
  <testcase name="Step_03_Student_Launch_Course" time="21.221" classname="com.qait.mindtap.tests.NG_30104.NG_30181_TC05_Student_Launch_the_Course"/>
  <testcase name="Step_04_verify_Spalsh_Page_Dispalys_Automatically" time="0.0" classname="com.qait.mindtap.tests.NG_30104.NG_30181_TC05_Student_Launch_the_Course"/>
  <testcase name="Step_05_Verify_Weeks_CurrentWeekIcon_Displays_Along_Month_and_Date" time="53.871" classname="com.qait.mindtap.tests.NG_30104.NG_30181_TC05_Student_Launch_the_Course"/>
  <testcase name="Step_06_Verify_Expand_Collapse_Functionality" time="2.508" classname="com.qait.mindtap.tests.NG_30104.NG_30181_TC05_Student_Launch_the_Course"/>
  <testcase name="Step_07_verify_Splash_Page" time="1.209" classname="com.qait.mindtap.tests.NG_30104.NG_30181_TC05_Student_Launch_the_Course"/>
  <testcase name="Step_08_Verify_Rolling_Week_UI" time="19.653" classname="com.qait.mindtap.tests.NG_30104.NG_30181_TC05_Student_Launch_the_Course"/>
  <testcase name="Step_07_user_LogOut" time="35.491" classname="com.qait.mindtap.tests.NG_30104.NG_30181_TC05_Student_Launch_the_Course">
    <failure type="org.openqa.selenium.TimeoutException" message="Timed out after 30 seconds waiting for visibility of [[FirefoxDriver: firefox on WINDOWS (ec00dca3-de08-47c1-8fed-69351e51f5e3)] -&amp;gt; xpath: //*[contains(text(),&amp;apos;Logout&amp;apos;)]]
Build info: version: &amp;apos;2.46.0&amp;apos;, revision: &amp;apos;61506a4624b13675f24581e453592342b7485d71&amp;apos;, time: &amp;apos;2015-06-04 10:22:50&amp;apos;
System info: host: &amp;apos;LNDA0021&amp;apos;, ip: &amp;apos;10.0.9.31&amp;apos;, os.name: &amp;apos;Windows 7&amp;apos;, os.arch: &amp;apos;x86&amp;apos;, os.version: &amp;apos;6.1&amp;apos;, java.version: &amp;apos;1.8.0_51&amp;apos;
Driver info: org.openqa.selenium.firefox.FirefoxDriver
Capabilities [{applicationCacheEnabled=true, rotatable=false, handlesAlerts=true, databaseEnabled=true, version=40.0.3, platform=WINDOWS, nativeEvents=false, acceptSslCerts=true, webStorageEnabled=true, locationContextEnabled=true, browserName=firefox, takesScreenshot=true, javascriptEnabled=true, cssSelectorsEnabled=true}]
Session ID: ec00dca3-de08-47c1-8fed-69351e51f5e3">
      <![CDATA[org.openqa.selenium.TimeoutException: Timed out after 30 seconds waiting for visibility of [[FirefoxDriver: firefox on WINDOWS (ec00dca3-de08-47c1-8fed-69351e51f5e3)] -> xpath: //*[contains(text(),'Logout')]]
Build info: version: '2.46.0', revision: '61506a4624b13675f24581e453592342b7485d71', time: '2015-06-04 10:22:50'
System info: host: 'LNDA0021', ip: '10.0.9.31', os.name: 'Windows 7', os.arch: 'x86', os.version: '6.1', java.version: '1.8.0_51'
Driver info: org.openqa.selenium.firefox.FirefoxDriver
Capabilities [{applicationCacheEnabled=true, rotatable=false, handlesAlerts=true, databaseEnabled=true, version=40.0.3, platform=WINDOWS, nativeEvents=false, acceptSslCerts=true, webStorageEnabled=true, locationContextEnabled=true, browserName=firefox, takesScreenshot=true, javascriptEnabled=true, cssSelectorsEnabled=true}]
Session ID: ec00dca3-de08-47c1-8fed-69351e51f5e3
	at org.openqa.selenium.support.ui.WebDriverWait.timeoutException(WebDriverWait.java:80)
	at org.openqa.selenium.support.ui.FluentWait.until(FluentWait.java:229)
	at com.qait.mindtap.automation.utils.SeleniumWait.waitForElementToBeVisible(SeleniumWait.java:53)
	at com.qait.mindtap.automation.getpageobjects.GetPage.element(GetPage.java:107)
	at com.qait.mindtap.automation.getpageobjects.GetPage.element(GetPage.java:101)
	at com.qait.mindtap.automation.getpageobjects.GetPage.isElementDisplayed(GetPage.java:245)
	at com.qait.mindtap.keywords.NG_30104.NG_30181_LoginPageActions.logOut(NG_30181_LoginPageActions.java:53)
	at com.qait.mindtap.tests.NG_30104.NG_30181_TC05_Student_Launch_the_Course.Step_07_user_LogOut(NG_30181_TC05_Student_Launch_the_Course.java:92)
... Removed 28 stack frames]]>
    </failure>
  </testcase> <!-- Step_07_user_LogOut -->
</testsuite> <!-- Command line test 7a84923b-a2f9-45bc-8a9b-8e53d1f0862e -->
