<?xml version="1.0" encoding="UTF-8"?>
<!-- Generated by org.testng.reporters.JUnitXMLReporter -->
<testsuite hostname="LNDA0021" name="Command line test f31db915-085d-4d94-a9fb-911c9f0ab882" tests="6" failures="0" timestamp="21 Oct 2015 04:37:37 GMT" time="109.624" errors="0">
  <testcase name="Step_01_Instructor_Logs_in_to_the_Application" time="29.503" classname="com.qait.mindtap.tests.NG_30370.TC03_Instructor_Cancel_Offline_Activity"/>
  <testcase name="Step_02_Instructor_Manages_Course_From_SSO" time="12.217" classname="com.qait.mindtap.tests.NG_30370.TC03_Instructor_Cancel_Offline_Activity"/>
  <testcase name="Step_03_Verify_RollingWeekUI_And_Select_OfflineActivity" time="37.962" classname="com.qait.mindtap.tests.NG_30370.TC03_Instructor_Cancel_Offline_Activity"/>
  <testcase name="Step_04_Instructor_Enters_Detail_In_OfflineActivity" time="6.498" classname="com.qait.mindtap.tests.NG_30370.TC03_Instructor_Cancel_Offline_Activity"/>
  <testcase name="Step_05_Verify_Rolling_Week_UI" time="12.815" classname="com.qait.mindtap.tests.NG_30370.TC03_Instructor_Cancel_Offline_Activity"/>
  <testcase name="Step_06_Verify_Activity_Gets_Added" time="2.348" classname="com.qait.mindtap.tests.NG_30370.TC03_Instructor_Cancel_Offline_Activity"/>
</testsuite> <!-- Command line test f31db915-085d-4d94-a9fb-911c9f0ab882 -->
