<?xml version="1.0" encoding="UTF-8"?>
<!-- Generated by org.testng.reporters.JUnitXMLReporter -->
<testsuite hostname="LNDA0021" name="Command line test e8d8bbf4-ef6d-4055-aea4-712562a5d7e4" tests="13" failures="1" timestamp="14 Oct 2015 04:50:55 GMT" time="51.154" errors="0">
  <testcase name="step_01_test_session" time="7.055" classname="com.qait.mindtap.tests.NG_30370.TC01_Instructor_Adds_Offline_Activity"/>
  <testcase name="Step_02_Instructor_Manages_Course_From_SSO" time="30.189" classname="com.qait.mindtap.tests.NG_30370.TC01_Instructor_Adds_Offline_Activity">
    <failure type="java.lang.NullPointerException">
      <![CDATA[java.lang.NullPointerException
	at org.openqa.selenium.support.ui.ExpectedConditions.elementIfVisible(ExpectedConditions.java:302)
	at org.openqa.selenium.support.ui.ExpectedConditions.access$100(ExpectedConditions.java:41)
	at org.openqa.selenium.support.ui.ExpectedConditions$10.apply(ExpectedConditions.java:288)
	at org.openqa.selenium.support.ui.ExpectedConditions$10.apply(ExpectedConditions.java:285)
	at org.openqa.selenium.support.ui.FluentWait.until(FluentWait.java:209)
	at com.qait.mindtap.automation.utils.SeleniumWait.waitForElementToBeVisible(SeleniumWait.java:53)
	at com.qait.mindtap.automation.getpageobjects.GetPage.isElementDisplayed(GetPage.java:196)
	at com.qait.mindtap.keywords.NG_30181_InstructorPageActions.verify_User_LoggedIn_As_Instructor(NG_30181_InstructorPageActions.java:22)
	at com.qait.mindtap.tests.NG_30370.TC01_Instructor_Adds_Offline_Activity.Step_02_Instructor_Manages_Course_From_SSO(TC01_Instructor_Adds_Offline_Activity.java:39)
... Removed 28 stack frames]]>
    </failure>
  </testcase> <!-- Step_02_Instructor_Manages_Course_From_SSO -->
  <testcase name="Step_03_verify_Spalsh_Page_Dispalys_Automatically" time="0.0" classname="com.qait.mindtap.tests.NG_30370.TC01_Instructor_Adds_Offline_Activity">
    <skipped/>
  </testcase> <!-- Step_03_verify_Spalsh_Page_Dispalys_Automatically -->
  <testcase name="Step_04_start_test_session" time="0.0" classname="com.qait.mindtap.tests.NG_30370.TC01_Instructor_Adds_Offline_Activity">
    <skipped/>
  </testcase> <!-- Step_04_start_test_session -->
  <testcase name="Step_05_Admin_Logs_in_to_the_Application" time="0.0" classname="com.qait.mindtap.tests.NG_30370.TC01_Instructor_Adds_Offline_Activity">
    <skipped/>
  </testcase> <!-- Step_05_Admin_Logs_in_to_the_Application -->
  <testcase name="Step_06_Admin_Search_Course" time="0.0" classname="com.qait.mindtap.tests.NG_30370.TC01_Instructor_Adds_Offline_Activity">
    <skipped/>
  </testcase> <!-- Step_06_Admin_Search_Course -->
  <testcase name="step_07_Instructor_Logs_Again" time="0.0" classname="com.qait.mindtap.tests.NG_30370.TC01_Instructor_Adds_Offline_Activity">
    <skipped/>
  </testcase> <!-- step_07_Instructor_Logs_Again -->
  <testcase name="Step_08_Instructor_Logs_in_to_the_Application" time="0.0" classname="com.qait.mindtap.tests.NG_30370.TC01_Instructor_Adds_Offline_Activity">
    <skipped/>
  </testcase> <!-- Step_08_Instructor_Logs_in_to_the_Application -->
  <testcase name="Step_09_Instructor_Manages_Course_From_SSO" time="0.0" classname="com.qait.mindtap.tests.NG_30370.TC01_Instructor_Adds_Offline_Activity">
    <skipped/>
  </testcase> <!-- Step_09_Instructor_Manages_Course_From_SSO -->
  <testcase name="Step_10_Verify_Clicking_Add_Takes_To_RollingWeekUI" time="0.0" classname="com.qait.mindtap.tests.NG_30370.TC01_Instructor_Adds_Offline_Activity">
    <skipped/>
  </testcase> <!-- Step_10_Verify_Clicking_Add_Takes_To_RollingWeekUI -->
  <testcase name="Step_11_Instructor_Enters_Detail_In_OfflineActivity" time="0.0" classname="com.qait.mindtap.tests.NG_30370.TC01_Instructor_Adds_Offline_Activity">
    <skipped/>
  </testcase> <!-- Step_11_Instructor_Enters_Detail_In_OfflineActivity -->
  <testcase name="Step_12_Verify_Rolling_Week_UI" time="0.0" classname="com.qait.mindtap.tests.NG_30370.TC01_Instructor_Adds_Offline_Activity">
    <skipped/>
  </testcase> <!-- Step_12_Verify_Rolling_Week_UI -->
  <testcase name="Step_13_Verify_Activity_Gets_Added" time="0.0" classname="com.qait.mindtap.tests.NG_30370.TC01_Instructor_Adds_Offline_Activity">
    <skipped/>
  </testcase> <!-- Step_13_Verify_Activity_Gets_Added -->
</testsuite> <!-- Command line test e8d8bbf4-ef6d-4055-aea4-712562a5d7e4 -->
