<?xml version="1.0" encoding="UTF-8"?>
<!-- Generated by org.testng.reporters.JUnitXMLReporter -->
<testsuite hostname="LNDA0021" name="Command line test 11314ff1-22a7-4b0b-810e-6970589aaf7e" tests="9" failures="1" timestamp="14 Oct 2015 12:16:57 GMT" time="81.045" errors="0">
  <testcase name="Step_05_Admin_Logs_in_to_the_Application" time="8.334" classname="com.qait.mindtap.tests.NG_30370.TC01_Instructor_Adds_Offline_Activity"/>
  <testcase name="Step_06_Admin_Search_Course" time="64.167" classname="com.qait.mindtap.tests.NG_30370.TC01_Instructor_Adds_Offline_Activity">
    <failure type="java.lang.NullPointerException">
      <![CDATA[java.lang.NullPointerException
	at org.openqa.selenium.support.ui.ExpectedConditions.elementIfVisible(ExpectedConditions.java:302)
	at org.openqa.selenium.support.ui.ExpectedConditions.access$100(ExpectedConditions.java:41)
	at org.openqa.selenium.support.ui.ExpectedConditions$10.apply(ExpectedConditions.java:288)
	at org.openqa.selenium.support.ui.ExpectedConditions$10.apply(ExpectedConditions.java:285)
	at org.openqa.selenium.support.ui.FluentWait.until(FluentWait.java:209)
	at com.qait.mindtap.automation.utils.SeleniumWait.waitForElementToBeVisible(SeleniumWait.java:53)
	at com.qait.mindtap.automation.getpageobjects.GetPage.isElementDisplayed(GetPage.java:274)
	at com.qait.mindtap.keywords.NG_30181_AdminPageActions.search_Course_Using_CourseName(NG_30181_AdminPageActions.java:62)
	at com.qait.mindtap.tests.NG_30370.TC01_Instructor_Adds_Offline_Activity.Step_06_Admin_Search_Course(TC01_Instructor_Adds_Offline_Activity.java:73)
... Removed 28 stack frames]]>
    </failure>
  </testcase> <!-- Step_06_Admin_Search_Course -->
  <testcase name="step_07_Instructor_Logs_Again" time="0.0" classname="com.qait.mindtap.tests.NG_30370.TC01_Instructor_Adds_Offline_Activity">
    <skipped/>
  </testcase> <!-- step_07_Instructor_Logs_Again -->
  <testcase name="Step_08_Instructor_Logs_in_to_the_Application" time="0.0" classname="com.qait.mindtap.tests.NG_30370.TC01_Instructor_Adds_Offline_Activity">
    <skipped/>
  </testcase> <!-- Step_08_Instructor_Logs_in_to_the_Application -->
  <testcase name="Step_09_Instructor_Manages_Course_From_SSO" time="0.0" classname="com.qait.mindtap.tests.NG_30370.TC01_Instructor_Adds_Offline_Activity">
    <skipped/>
  </testcase> <!-- Step_09_Instructor_Manages_Course_From_SSO -->
  <testcase name="Step_10_Verify_Clicking_Add_Takes_To_RollingWeekUI" time="0.0" classname="com.qait.mindtap.tests.NG_30370.TC01_Instructor_Adds_Offline_Activity">
    <skipped/>
  </testcase> <!-- Step_10_Verify_Clicking_Add_Takes_To_RollingWeekUI -->
  <testcase name="Step_11_Instructor_Enters_Detail_In_OfflineActivity" time="0.0" classname="com.qait.mindtap.tests.NG_30370.TC01_Instructor_Adds_Offline_Activity">
    <skipped/>
  </testcase> <!-- Step_11_Instructor_Enters_Detail_In_OfflineActivity -->
  <testcase name="Step_12_Verify_Rolling_Week_UI" time="0.0" classname="com.qait.mindtap.tests.NG_30370.TC01_Instructor_Adds_Offline_Activity">
    <skipped/>
  </testcase> <!-- Step_12_Verify_Rolling_Week_UI -->
  <testcase name="Step_13_Verify_Activity_Gets_Added" time="0.0" classname="com.qait.mindtap.tests.NG_30370.TC01_Instructor_Adds_Offline_Activity">
    <skipped/>
  </testcase> <!-- Step_13_Verify_Activity_Gets_Added -->
</testsuite> <!-- Command line test 11314ff1-22a7-4b0b-810e-6970589aaf7e -->
