<?xml version="1.0" encoding="UTF-8"?>
<!-- Generated by org.testng.reporters.JUnitXMLReporter -->
<testsuite hostname="LNDA0021" name="Command line test cd9eb3c2-4a1e-411b-b186-75cb62972056" tests="4" failures="0" timestamp="13 Oct 2015 06:06:22 GMT" time="53.997" errors="0">
  <testcase name="Step_01_Admin_Logs_in_to_the_Application" time="4.909" classname="com.qait.mindtap.tests.NG_30181.TC01_Admin_login_and_search_the_isbn_under_master_Tab"/>
  <testcase name="Step_02_Admin_Search_Course_using_ISBN" time="1.824" classname="com.qait.mindtap.tests.NG_30181.TC01_Admin_login_and_search_the_isbn_under_master_Tab"/>
  <testcase name="Step_03_Admin_Verify_Course_Andesite_mode_checked" time="36.064" classname="com.qait.mindtap.tests.NG_30181.TC01_Admin_login_and_search_the_isbn_under_master_Tab"/>
  <testcase name="Step_04_Admin_Logs_Out" time="1.914" classname="com.qait.mindtap.tests.NG_30181.TC01_Admin_login_and_search_the_isbn_under_master_Tab"/>
</testsuite> <!-- Command line test cd9eb3c2-4a1e-411b-b186-75cb62972056 -->
