<?xml version="1.0" encoding="UTF-8"?>
<!-- Generated by org.testng.reporters.JUnitXMLReporter -->
<testsuite hostname="LNDA0021" name="Command line test 2c9f8806-12dc-4420-88d2-c5635c36f263" tests="4" failures="0" timestamp="13 Oct 2015 10:31:02 GMT" time="71.701" errors="0">
  <testcase name="Step_01_Admin_Logs_in_to_the_Application" time="5.29" classname="com.qait.mindtap.tests.NG_30181.TC01_Admin_login_and_search_the_isbn_under_master_Tab"/>
  <testcase name="Step_02_Admin_Search_Course_using_ISBN" time="5.11" classname="com.qait.mindtap.tests.NG_30181.TC01_Admin_login_and_search_the_isbn_under_master_Tab"/>
  <testcase name="Step_03_Admin_Verify_Course_Andesite_mode_checked" time="49.784" classname="com.qait.mindtap.tests.NG_30181.TC01_Admin_login_and_search_the_isbn_under_master_Tab"/>
  <testcase name="Step_04_Admin_Logs_Out" time="1.76" classname="com.qait.mindtap.tests.NG_30181.TC01_Admin_login_and_search_the_isbn_under_master_Tab"/>
</testsuite> <!-- Command line test 2c9f8806-12dc-4420-88d2-c5635c36f263 -->
