<?xml version="1.0" encoding="UTF-8"?>
<!-- Generated by org.testng.reporters.JUnitXMLReporter -->
<testsuite hostname="LNDA0021" name="Command line test b277aef6-5365-4a0d-9cfe-80f58b4a2a18" tests="4" failures="0" timestamp="13 Oct 2015 06:43:05 GMT" time="72.655" errors="0">
  <testcase name="Step_01_Admin_Logs_in_to_the_Application" time="6.04" classname="com.qait.mindtap.tests.NG_30181.TC01_Admin_login_and_search_the_isbn_under_master_Tab"/>
  <testcase name="Step_02_Admin_Search_Course_using_ISBN" time="4.27" classname="com.qait.mindtap.tests.NG_30181.TC01_Admin_login_and_search_the_isbn_under_master_Tab"/>
  <testcase name="Step_03_Admin_Verify_Course_Andesite_mode_checked" time="50.122" classname="com.qait.mindtap.tests.NG_30181.TC01_Admin_login_and_search_the_isbn_under_master_Tab"/>
  <testcase name="Step_04_Admin_Logs_Out" time="1.661" classname="com.qait.mindtap.tests.NG_30181.TC01_Admin_login_and_search_the_isbn_under_master_Tab"/>
</testsuite> <!-- Command line test b277aef6-5365-4a0d-9cfe-80f58b4a2a18 -->
