-------------------------------------------------------------------------------
Test set: com.qait.mindtap.tests.NG_30370.TC01_Instructor_Adds_Offline_Activity
-------------------------------------------------------------------------------
Tests run: 9, Failures: 1, Errors: 0, Skipped: 7, Time elapsed: 94.574 sec <<< FAILURE! - in com.qait.mindtap.tests.NG_30370.TC01_Instructor_Adds_Offline_Activity
Step_06_Admin_Search_Course(com.qait.mindtap.tests.NG_30370.TC01_Instructor_Adds_Offline_Activity)  Time elapsed: 76.095 sec  <<< FAILURE!
org.openqa.selenium.TimeoutException: Timed out after 30 seconds waiting for visibility of [[FirefoxDriver: firefox on WINDOWS (80298a2a-cb1b-4bb7-9dcc-e79730e99649)] -> xpath: //div[contains(text(),'Cengage.non-mt-activity')]]
Build info: version: '2.46.0', revision: '61506a4624b13675f24581e453592342b7485d71', time: '2015-06-04 10:22:50'
System info: host: 'LNDA0021', ip: '10.0.9.31', os.name: 'Windows 7', os.arch: 'x86', os.version: '6.1', java.version: '1.8.0_51'
Driver info: org.openqa.selenium.firefox.FirefoxDriver
Capabilities [{applicationCacheEnabled=true, rotatable=false, handlesAlerts=true, databaseEnabled=true, version=41.0.1, platform=WINDOWS, nativeEvents=false, acceptSslCerts=true, webStorageEnabled=true, locationContextEnabled=true, browserName=firefox, takesScreenshot=true, javascriptEnabled=true, cssSelectorsEnabled=true}]
Session ID: 80298a2a-cb1b-4bb7-9dcc-e79730e99649
	at org.openqa.selenium.support.ui.WebDriverWait.timeoutException(WebDriverWait.java:80)
	at org.openqa.selenium.support.ui.FluentWait.until(FluentWait.java:229)
	at com.qait.mindtap.automation.utils.SeleniumWait.waitForElementToBeVisible(SeleniumWait.java:53)
	at com.qait.mindtap.automation.getpageobjects.GetPage.element(GetPage.java:136)
	at com.qait.mindtap.automation.getpageobjects.GetPage.element(GetPage.java:130)
	at com.qait.mindtap.automation.getpageobjects.GetPage.isElementDisplayed(GetPage.java:274)
	at com.qait.mindtap.keywords.NG_30181_AdminPageActions.selectCengageNoMT_Activity(NG_30181_AdminPageActions.java:79)
	at com.qait.mindtap.tests.NG_30370.TC01_Instructor_Adds_Offline_Activity.Step_06_Admin_Search_Course(TC01_Instructor_Adds_Offline_Activity.java:75)

