-------------------------------------------------------------------------------
Test set: com.qait.mindtap.tests.NG_30104.NG_30181_TC05_Student_Launch_the_Course
-------------------------------------------------------------------------------
Tests run: 9, Failures: 1, Errors: 0, Skipped: 1, Time elapsed: 157.203 sec <<< FAILURE! - in com.qait.mindtap.tests.NG_30104.NG_30181_TC05_Student_Launch_the_Course
Step_08_Verify_Rolling_Week_UI(com.qait.mindtap.tests.NG_30104.NG_30181_TC05_Student_Launch_the_Course)  Time elapsed: 46.35 sec  <<< FAILURE!
org.openqa.selenium.TimeoutException: Timed out after 30 seconds waiting for visibility of [[RemoteWebDriver: firefox on WINDOWS (68c08632-3fd4-4f92-b7bf-05f45a647aa2)] -> css selector: .toggleMenuText.style-scope.cl-user-profile-menu]
Build info: version: '2.46.0', revision: '61506a4624b13675f24581e453592342b7485d71', time: '2015-06-04 10:22:50'
System info: host: 'LNDA0021', ip: '10.161.238.95', os.name: 'Windows 7', os.arch: 'x86', os.version: '6.1', java.version: '1.8.0_51'
Driver info: org.openqa.selenium.remote.RemoteWebDriver
Capabilities [{applicationCacheEnabled=true, rotatable=false, databaseEnabled=true, handlesAlerts=true, version=39.0, platform=WINDOWS, nativeEvents=false, acceptSslCerts=true, webdriver.remote.sessionid=68c08632-3fd4-4f92-b7bf-05f45a647aa2, locationContextEnabled=true, webStorageEnabled=true, browserName=firefox, takesScreenshot=true, javascriptEnabled=true, cssSelectorsEnabled=true}]
Session ID: 68c08632-3fd4-4f92-b7bf-05f45a647aa2
	at org.openqa.selenium.support.ui.WebDriverWait.timeoutException(WebDriverWait.java:80)
	at org.openqa.selenium.support.ui.FluentWait.until(FluentWait.java:229)
	at com.qait.mindtap.automation.utils.SeleniumWait.waitForElementToBeVisible(SeleniumWait.java:53)
	at com.qait.mindtap.automation.getpageobjects.GetPage.element(GetPage.java:107)
	at com.qait.mindtap.automation.getpageobjects.GetPage.element(GetPage.java:101)
	at com.qait.mindtap.keywords.NG_30104.HeaderActions.helloUserFirstNameOnRight(HeaderActions.java:24)
	at com.qait.mindtap.tests.NG_30104.NG_30181_TC05_Student_Launch_the_Course.Step_08_Verify_Rolling_Week_UI(NG_30181_TC05_Student_Launch_the_Course.java:84)

