-------------------------------------------------------------------------------
Test set: com.qait.mindtap.tests.NG_30456.TC03_Student_View_Added_Activity
-------------------------------------------------------------------------------
Tests run: 5, Failures: 1, Errors: 0, Skipped: 0, Time elapsed: 88.046 sec <<< FAILURE! - in com.qait.mindtap.tests.NG_30456.TC03_Student_View_Added_Activity
Step_07_student_LogOut(com.qait.mindtap.tests.NG_30456.TC03_Student_View_Added_Activity)  Time elapsed: 34.859 sec  <<< FAILURE!
java.lang.NullPointerException: null
	at com.qait.mindtap.keywords.NG_30181_LoginPageActions.logOut(NG_30181_LoginPageActions.java:52)
	at com.qait.mindtap.tests.NG_30456.TC03_Student_View_Added_Activity.Step_07_student_LogOut(TC03_Student_View_Added_Activity.java:63)

