-------------------------------------------------------------------------------
Test set: com.qait.mindtap.tests.NG_30104.NG_30181_TC06_TA_Launch_the_Course
-------------------------------------------------------------------------------
Tests run: 9, Failures: 1, Errors: 0, Skipped: 4, Time elapsed: 140.332 sec <<< FAILURE! - in com.qait.mindtap.tests.NG_30104.NG_30181_TC06_TA_Launch_the_Course
Step_05_Verify_Weeks_CurrentWeekIcon_Displays_Along_Month_and_Date(com.qait.mindtap.tests.NG_30104.NG_30181_TC06_TA_Launch_the_Course)  Time elapsed: 62.455 sec  <<< FAILURE!
org.openqa.selenium.StaleElementReferenceException: Element not found in the cache - perhaps the page has changed since it was looked up
Command duration or timeout: 31.57 seconds
For documentation on this error, please visit: http://seleniumhq.org/exceptions/stale_element_reference.html
Build info: version: '2.46.0', revision: '61506a4624b13675f24581e453592342b7485d71', time: '2015-06-04 10:22:50'
System info: host: 'LNDA0021', ip: '10.0.9.31', os.name: 'Windows 7', os.arch: 'x86', os.version: '6.1', java.version: '1.8.0_51'
Driver info: org.openqa.selenium.firefox.FirefoxDriver
Capabilities [{applicationCacheEnabled=true, rotatable=false, handlesAlerts=true, databaseEnabled=true, version=40.0.3, platform=WINDOWS, nativeEvents=false, acceptSslCerts=true, webStorageEnabled=true, locationContextEnabled=true, browserName=firefox, takesScreenshot=true, javascriptEnabled=true, cssSelectorsEnabled=true}]
Session ID: d5fa4e5b-0529-4943-b9c2-b9e8a3782638
	at sun.reflect.NativeConstructorAccessorImpl.newInstance0(Native Method)
	at sun.reflect.NativeConstructorAccessorImpl.newInstance(NativeConstructorAccessorImpl.java:62)
	at sun.reflect.DelegatingConstructorAccessorImpl.newInstance(DelegatingConstructorAccessorImpl.java:45)
	at java.lang.reflect.Constructor.newInstance(Constructor.java:422)
	at org.openqa.selenium.remote.ErrorHandler.createThrowable(ErrorHandler.java:204)
	at org.openqa.selenium.remote.ErrorHandler.throwIfResponseFailed(ErrorHandler.java:156)
	at org.openqa.selenium.remote.RemoteWebDriver.execute(RemoteWebDriver.java:605)
	at org.openqa.selenium.remote.RemoteWebElement.execute(RemoteWebElement.java:269)
	at org.openqa.selenium.remote.RemoteWebElement.isDisplayed(RemoteWebElement.java:310)
	at com.qait.mindtap.automation.getpageobjects.GetPage.checkIfElementIsNotThere(GetPage.java:184)
	at com.qait.mindtap.keywords.NG_30104.WeekWidgetActions.verifyCurrentWeekIcon(WeekWidgetActions.java:71)
	at com.qait.mindtap.tests.NG_30104.NG_30181_TC06_TA_Launch_the_Course.Step_05_Verify_Weeks_CurrentWeekIcon_Displays_Along_Month_and_Date(NG_30181_TC06_TA_Launch_the_Course.java:62)
Caused by: org.openqa.selenium.StaleElementReferenceException: Element not found in the cache - perhaps the page has changed since it was looked up
For documentation on this error, please visit: http://seleniumhq.org/exceptions/stale_element_reference.html
Build info: version: '2.46.0', revision: '61506a4624b13675f24581e453592342b7485d71', time: '2015-06-04 10:22:50'
System info: host: 'LNDA0021', ip: '10.0.9.31', os.name: 'Windows 7', os.arch: 'x86', os.version: '6.1', java.version: '1.8.0_51'
Driver info: driver.version: unknown
	at <anonymous class>.fxdriver.cache.getElementAt(resource://fxdriver/modules/web-element-cache.js:8981)
	at <anonymous class>.Utils.getElementAt(file:///C:/Users/AYUSHG~1/AppData/Local/Temp/anonymous394972236030728997webdriver-profile/extensions/fxdriver@googlecode.com/components/command-processor.js:8574)
	at <anonymous class>.WebElement.isElementDisplayed(file:///C:/Users/AYUSHG~1/AppData/Local/Temp/anonymous394972236030728997webdriver-profile/extensions/fxdriver@googlecode.com/components/command-processor.js:11807)
	at <anonymous class>.DelayedCommand.prototype.executeInternal_/h(file:///C:/Users/AYUSHG~1/AppData/Local/Temp/anonymous394972236030728997webdriver-profile/extensions/fxdriver@googlecode.com/components/command-processor.js:12282)
	at <anonymous class>.fxdriver.Timer.prototype.setTimeout/<.notify(file:///C:/Users/AYUSHG~1/AppData/Local/Temp/anonymous394972236030728997webdriver-profile/extensions/fxdriver@googlecode.com/components/command-processor.js:603)

