-------------------------------------------------------------------------------
Test set: com.qait.mindtap.tests.NG_30104.NG_30181_TC04_Instructor_Launch_the_Course
-------------------------------------------------------------------------------
Tests run: 9, Failures: 1, Errors: 0, Skipped: 6, Time elapsed: 118.563 sec <<< FAILURE! - in com.qait.mindtap.tests.NG_30104.NG_30181_TC04_Instructor_Launch_the_Course
Step_03_Instructor_Enrols_TA_IN_Course(com.qait.mindtap.tests.NG_30104.NG_30181_TC04_Instructor_Launch_the_Course)  Time elapsed: 56.975 sec  <<< FAILURE!
java.lang.NullPointerException: null
	at org.openqa.selenium.support.ui.ExpectedConditions.elementIfVisible(ExpectedConditions.java:302)
	at org.openqa.selenium.support.ui.ExpectedConditions.access$100(ExpectedConditions.java:41)
	at org.openqa.selenium.support.ui.ExpectedConditions$10.apply(ExpectedConditions.java:288)
	at org.openqa.selenium.support.ui.ExpectedConditions$10.apply(ExpectedConditions.java:285)
	at org.openqa.selenium.support.ui.FluentWait.until(FluentWait.java:209)
	at com.qait.mindtap.automation.utils.SeleniumWait.waitForElementToBeVisible(SeleniumWait.java:53)
	at com.qait.mindtap.automation.getpageobjects.GetPage.isElementDisplayed(GetPage.java:167)
	at com.qait.mindtap.keywords.NG_30104.NG_30181_InstructorEditCourse.instructor_Open_Course(NG_30181_InstructorEditCourse.java:47)
	at com.qait.mindtap.tests.NG_30104.NG_30181_TC04_Instructor_Launch_the_Course.Step_03_Instructor_Enrols_TA_IN_Course(NG_30181_TC04_Instructor_Launch_the_Course.java:48)

