<?xml version="1.0" encoding="UTF-8"?>
<testsuite name="TestSuite" time="2.86" tests="12" errors="0" skipped="11" failures="1">
  <properties>
[...]
</properties>
  <testcase name="start_test_session" classname="com.qait.mindtap.tests.NG_30371.TC01_Instructor_Adds_OR_Cancel_Topic_Activity" time="2.86">
    <failure message="Could not start a new session. Possible causes are invalid address of the remote server or browser start-up failure.&#10;Build info: version: &apos;2.46.0&apos;, revision: &apos;61506a4624b13675f24581e453592342b7485d71&apos;, time: &apos;2015-06-04 10:22:50&apos;&#10;System info: host: &apos;LNDA0021&apos;, ip: &apos;10.161.236.51&apos;, os.name: &apos;Windows 7&apos;, os.arch: &apos;x86&apos;, os.version: &apos;6.1&apos;, java.version: &apos;1.8.0_51&apos;&#10;Driver info: driver.version: RemoteWebDriver" type="org.openqa.selenium.remote.UnreachableBrowserException"><![CDATA[org.openqa.selenium.remote.UnreachableBrowserException: Could not start a new session. Possible causes are invalid address of the remote server or browser start-up failure.
Build info: version: '2.46.0', revision: '61506a4624b13675f24581e453592342b7485d71', time: '2015-06-04 10:22:50'
System info: host: 'LNDA0021', ip: '10.161.236.51', os.name: 'Windows 7', os.arch: 'x86', os.version: '6.1', java.version: '1.8.0_51'
Driver info: driver.version: RemoteWebDriver
	at java.net.DualStackPlainSocketImpl.waitForConnect(Native Method)
	at java.net.DualStackPlainSocketImpl.socketConnect(DualStackPlainSocketImpl.java:85)
	at java.net.AbstractPlainSocketImpl.doConnect(AbstractPlainSocketImpl.java:345)
	at java.net.AbstractPlainSocketImpl.connectToAddress(AbstractPlainSocketImpl.java:206)
	at java.net.AbstractPlainSocketImpl.connect(AbstractPlainSocketImpl.java:188)
	at java.net.PlainSocketImpl.connect(PlainSocketImpl.java:172)
	at java.net.SocksSocketImpl.connect(SocksSocketImpl.java:392)
	at java.net.Socket.connect(Socket.java:589)
	at org.apache.http.conn.socket.PlainConnectionSocketFactory.connectSocket(PlainConnectionSocketFactory.java:74)
	at org.apache.http.impl.conn.DefaultHttpClientConnectionOperator.connect(DefaultHttpClientConnectionOperator.java:134)
	at org.apache.http.impl.conn.PoolingHttpClientConnectionManager.connect(PoolingHttpClientConnectionManager.java:353)
	at org.apache.http.impl.execchain.MainClientExec.establishRoute(MainClientExec.java:380)
	at org.apache.http.impl.execchain.MainClientExec.execute(MainClientExec.java:236)
	at org.apache.http.impl.execchain.ProtocolExec.execute(ProtocolExec.java:184)
	at org.apache.http.impl.execchain.RetryExec.execute(RetryExec.java:88)
	at org.apache.http.impl.execchain.RedirectExec.execute(RedirectExec.java:110)
	at org.apache.http.impl.client.InternalHttpClient.doExecute(InternalHttpClient.java:184)
	at org.apache.http.impl.client.CloseableHttpClient.execute(CloseableHttpClient.java:71)
	at org.apache.http.impl.client.CloseableHttpClient.execute(CloseableHttpClient.java:55)
	at org.openqa.selenium.remote.internal.ApacheHttpClient.fallBackExecute(ApacheHttpClient.java:143)
	at org.openqa.selenium.remote.internal.ApacheHttpClient.execute(ApacheHttpClient.java:89)
	at org.openqa.selenium.remote.HttpCommandExecutor.execute(HttpCommandExecutor.java:134)
	at org.openqa.selenium.remote.RemoteWebDriver.execute(RemoteWebDriver.java:578)
	at org.openqa.selenium.remote.RemoteWebDriver.startSession(RemoteWebDriver.java:242)
	at org.openqa.selenium.remote.RemoteWebDriver.<init>(RemoteWebDriver.java:128)
	at org.openqa.selenium.remote.RemoteWebDriver.<init>(RemoteWebDriver.java:155)
	at com.qait.mindtap.automation.WebDriverFactory.setRemoteDriver(WebDriverFactory.java:98)
	at com.qait.mindtap.automation.WebDriverFactory.getDriver(WebDriverFactory.java:67)
	at com.qait.mindtap.automation.TestSessionInitiator._configureBrowser(TestSessionInitiator.java:151)
	at com.qait.mindtap.automation.TestSessionInitiator.testInitiator(TestSessionInitiator.java:145)
	at com.qait.mindtap.automation.TestSessionInitiator.<init>(TestSessionInitiator.java:131)
	at com.qait.mindtap.tests.NG_30371.TC01_Instructor_Adds_OR_Cancel_Topic_Activity.start_test_session(TC01_Instructor_Adds_OR_Cancel_Topic_Activity.java:34)
]]></failure>
    <system-out><![CDATA[[INFO]: The test Browser is CHROME !!!
]]></system-out>
    <system-err><![CDATA[java.net.MalformedURLException: no protocol: http//:10.161.26.78:4444/wd/hub
	at java.net.URL.<init>(URL.java:586)
	at java.net.URL.<init>(URL.java:483)
	at java.net.URL.<init>(URL.java:432)
	at com.qait.mindtap.automation.WebDriverFactory.setRemoteDriver(WebDriverFactory.java:92)
	at com.qait.mindtap.automation.WebDriverFactory.getDriver(WebDriverFactory.java:67)
	at com.qait.mindtap.automation.TestSessionInitiator._configureBrowser(TestSessionInitiator.java:151)
	at com.qait.mindtap.automation.TestSessionInitiator.testInitiator(TestSessionInitiator.java:145)
	at com.qait.mindtap.automation.TestSessionInitiator.<init>(TestSessionInitiator.java:131)
	at com.qait.mindtap.tests.NG_30371.TC01_Instructor_Adds_OR_Cancel_Topic_Activity.start_test_session(TC01_Instructor_Adds_OR_Cancel_Topic_Activity.java:34)
	at sun.reflect.NativeMethodAccessorImpl.invoke0(Native Method)
	at sun.reflect.NativeMethodAccessorImpl.invoke(NativeMethodAccessorImpl.java:62)
	at sun.reflect.DelegatingMethodAccessorImpl.invoke(DelegatingMethodAccessorImpl.java:43)
	at java.lang.reflect.Method.invoke(Method.java:497)
	at org.testng.internal.MethodInvocationHelper.invokeMethod(MethodInvocationHelper.java:85)
	at org.testng.internal.Invoker.invokeConfigurationMethod(Invoker.java:517)
	at org.testng.internal.Invoker.invokeConfigurations(Invoker.java:213)
	at org.testng.internal.Invoker.invokeConfigurations(Invoker.java:140)
	at org.testng.internal.TestMethodWorker.invokeBeforeClassMethods(TestMethodWorker.java:170)
	at org.testng.internal.TestMethodWorker.run(TestMethodWorker.java:104)
	at org.testng.TestRunner.privateRun(TestRunner.java:771)
	at org.testng.TestRunner.run(TestRunner.java:621)
	at org.testng.SuiteRunner.runTest(SuiteRunner.java:357)
	at org.testng.SuiteRunner.runSequentially(SuiteRunner.java:352)
	at org.testng.SuiteRunner.privateRun(SuiteRunner.java:310)
	at org.testng.SuiteRunner.run(SuiteRunner.java:259)
	at org.testng.SuiteRunnerWorker.runSuite(SuiteRunnerWorker.java:52)
	at org.testng.SuiteRunnerWorker.run(SuiteRunnerWorker.java:86)
	at org.testng.TestNG.runSuitesSequentially(TestNG.java:1199)
	at org.testng.TestNG.runSuitesLocally(TestNG.java:1124)
	at org.testng.TestNG.run(TestNG.java:1032)
	at org.apache.maven.surefire.testng.TestNGExecutor.run(TestNGExecutor.java:217)
	at org.apache.maven.surefire.testng.TestNGXmlTestSuite.execute(TestNGXmlTestSuite.java:84)
	at org.apache.maven.surefire.testng.TestNGProvider.invoke(TestNGProvider.java:92)
	at org.apache.maven.surefire.booter.ForkedBooter.invokeProviderInSameClassLoader(ForkedBooter.java:200)
	at org.apache.maven.surefire.booter.ForkedBooter.runSuitesInProcess(ForkedBooter.java:153)
	at org.apache.maven.surefire.booter.ForkedBooter.main(ForkedBooter.java:103)
]]></system-err>
  </testcase>
  <testcase name="Step_01_Instructor_Logs_in_to_the_Application" classname="com.qait.mindtap.tests.NG_30371.TC01_Instructor_Adds_OR_Cancel_Topic_Activity" time="0">
    <skipped/>
  </testcase>
  <testcase name="takeScreenshotonFailure" classname="com.qait.mindtap.tests.NG_30371.TC01_Instructor_Adds_OR_Cancel_Topic_Activity" time="0">
    <skipped/>
  </testcase>
  <testcase name="Step_02_Instructor_Manages_Course_From_SSO" classname="com.qait.mindtap.tests.NG_30371.TC01_Instructor_Adds_OR_Cancel_Topic_Activity" time="0">
    <skipped/>
  </testcase>
  <testcase name="Step_03_Verify_RollingWeekUI_And_Select_TopicView" classname="com.qait.mindtap.tests.NG_30371.TC01_Instructor_Adds_OR_Cancel_Topic_Activity" time="0">
    <skipped/>
  </testcase>
  <testcase name="Step_04_Instructor_Edit_Course_Details_To_Add" classname="com.qait.mindtap.tests.NG_30371.TC01_Instructor_Adds_OR_Cancel_Topic_Activity" time="0">
    <skipped/>
  </testcase>
  <testcase name="Step_05_Verify_Rolling_Week_UI" classname="com.qait.mindtap.tests.NG_30371.TC01_Instructor_Adds_OR_Cancel_Topic_Activity" time="0">
    <skipped/>
  </testcase>
  <testcase name="Step_06_Verify_Activity_Gets_Added" classname="com.qait.mindtap.tests.NG_30371.TC01_Instructor_Adds_OR_Cancel_Topic_Activity" time="0">
    <skipped/>
  </testcase>
  <testcase name="Step_07_Verify_RollingWeekUI_And_Select_TopicView" classname="com.qait.mindtap.tests.NG_30371.TC01_Instructor_Adds_OR_Cancel_Topic_Activity" time="0">
    <skipped/>
  </testcase>
  <testcase name="Step_08_Instructor_Edit_Course_Details_To_Cancel" classname="com.qait.mindtap.tests.NG_30371.TC01_Instructor_Adds_OR_Cancel_Topic_Activity" time="0">
    <skipped/>
  </testcase>
  <testcase name="Step_09_Verify_Rolling_Week_UI" classname="com.qait.mindtap.tests.NG_30371.TC01_Instructor_Adds_OR_Cancel_Topic_Activity" time="0">
    <skipped/>
  </testcase>
  <testcase name="Step_10_Verify_Activity_Gets_Canceled" classname="com.qait.mindtap.tests.NG_30371.TC01_Instructor_Adds_OR_Cancel_Topic_Activity" time="0">
    <skipped/>
  </testcase>
</testsuite>