<?xml version="1.0" encoding="UTF-8"?>
<testsuite name="TestSuite" time="96.334" tests="4" errors="0" skipped="1" failures="1">
  <properties>
[...]
</properties>
  <testcase name="Step_01_Admin_Logs_in_to_the_Application" classname="com.qait.mindtap.tests.NG_30104.NG_30181_TC01_Admin_login_and_search_the_isbn_under_master_Tab" time="63.706"/>
  <testcase name="Step_02_Admin_Search_Course_using_ISBN" classname="com.qait.mindtap.tests.NG_30104.NG_30181_TC01_Admin_login_and_search_the_isbn_under_master_Tab" time="0.19"/>
  <testcase name="Step_03_Admin_Verify_Course_Andesite_mode_checked" classname="com.qait.mindtap.tests.NG_30104.NG_30181_TC01_Admin_login_and_search_the_isbn_under_master_Tab" time="32.438">
    <failure type="java.lang.NullPointerException:">java.lang.NullPointerException: null
	at com.qait.mindtap.keywords.NG_30104.NG_30181_AdminPageActions.open_Course_In_Edit_Mode(NG_30181_AdminPageActions.java:47)
	at com.qait.mindtap.tests.NG_30104.NG_30181_TC01_Admin_login_and_search_the_isbn_under_master_Tab.Step_03_Admin_Verify_Course_Andesite_mode_checked(NG_30181_TC01_Admin_login_and_search_the_isbn_under_master_Tab.java:48)
</failure>
    <system-out><![CDATA[[ASSERT PASS]: element courseName with text Stewart_Precalculus: Mathematics for Calculus_7e_MTQ is displayed.
[ASSERT FAIL]: Element icon_course_edit not found on the NG-30181-AdminPage !!!
]]></system-out>
  </testcase>
  <testcase name="Step_04_Admin_Logs_Out" classname="com.qait.mindtap.tests.NG_30104.NG_30181_TC01_Admin_login_and_search_the_isbn_under_master_Tab" time="0">
    <skipped/>
  </testcase>
</testsuite>