<?xml version="1.0" encoding="UTF-8"?>
<testsuite name="TestSuite" time="119.8" tests="11" errors="0" skipped="7" failures="1">
  <properties>
[...]
</properties>
  <testcase name="Step_01_Instructor_Logs_in_to_the_Application" classname="com.qait.mindtap.tests.NG_30457.TC01_Instructor_Verify_Week_View_Functionality" time="30.296"/>
  <testcase name="Step_02_Instructor_Manages_Course_From_SSO" classname="com.qait.mindtap.tests.NG_30457.TC01_Instructor_Verify_Week_View_Functionality" time="15.062"/>
  <testcase name="Step_03_Verify_RollingWeekUI" classname="com.qait.mindtap.tests.NG_30457.TC01_Instructor_Verify_Week_View_Functionality" time="32.281"/>
  <testcase name="Step_04_Verify_OfflineGraded_Activities_Displays" classname="com.qait.mindtap.tests.NG_30457.TC01_Instructor_Verify_Week_View_Functionality" time="42.161">
    <failure type="java.lang.NullPointerException:">java.lang.NullPointerException: null
	at org.openqa.selenium.support.ui.ExpectedConditions.elementIfVisible(ExpectedConditions.java:302)
	at org.openqa.selenium.support.ui.ExpectedConditions.access$100(ExpectedConditions.java:41)
	at org.openqa.selenium.support.ui.ExpectedConditions$10.apply(ExpectedConditions.java:288)
	at org.openqa.selenium.support.ui.ExpectedConditions$10.apply(ExpectedConditions.java:285)
	at org.openqa.selenium.support.ui.FluentWait.until(FluentWait.java:209)
	at com.qait.mindtap.automation.utils.SeleniumWait.waitForElementToBeVisible(SeleniumWait.java:53)
	at com.qait.mindtap.automation.getpageobjects.GetPage.isElementDisplayed(GetPage.java:208)
	at com.qait.mindtap.keywords.OfflineActivityAction.instructorEntersAssociatedTopic(OfflineActivityAction.java:64)
	at com.qait.mindtap.tests.NG_30457.TC01_Instructor_Verify_Week_View_Functionality.Step_04_Verify_OfflineGraded_Activities_Displays(TC01_Instructor_Verify_Week_View_Functionality.java:63)
</failure>
    <system-out><![CDATA[[ASSERT PASS]: element offlineActivity is displayed.
[ASSERT PASS]: element practiceBtn is displayed.
[ASSERT PASS]: element offline_assignmentTitle is displayed.
[ASSERT PASS]: element offline_assignmentDescription is displayed.
[ASSERT PASS]: element AssociatedTopic is displayed.
[ASSERT FAIL]: Element topic not found on the OfflineActivityPage !!!
]]></system-out>
  </testcase>
  <testcase name="Step_05_Verify_RollingWeekUI_And_Select_TopicView" classname="com.qait.mindtap.tests.NG_30457.TC01_Instructor_Verify_Week_View_Functionality" time="0">
    <skipped/>
  </testcase>
  <testcase name="Step_06_verify_Hide_Edit_And_Delete" classname="com.qait.mindtap.tests.NG_30457.TC01_Instructor_Verify_Week_View_Functionality" time="0">
    <skipped/>
  </testcase>
  <testcase name="Step_07_Verify_ShowMore_OR_Less" classname="com.qait.mindtap.tests.NG_30457.TC01_Instructor_Verify_Week_View_Functionality" time="0">
    <skipped/>
  </testcase>
  <testcase name="Step_08_verify_Flag_And_Points" classname="com.qait.mindtap.tests.NG_30457.TC01_Instructor_Verify_Week_View_Functionality" time="0">
    <skipped/>
  </testcase>
  <testcase name="Step_09_verify_Hide_Edit_And_Delete" classname="com.qait.mindtap.tests.NG_30457.TC01_Instructor_Verify_Week_View_Functionality" time="0">
    <skipped/>
  </testcase>
  <testcase name="Step_11_verify_Hide_Action" classname="com.qait.mindtap.tests.NG_30457.TC01_Instructor_Verify_Week_View_Functionality" time="0">
    <skipped/>
  </testcase>
  <testcase name="Step_12_verify_Toogle_Button_state_Action" classname="com.qait.mindtap.tests.NG_30457.TC01_Instructor_Verify_Week_View_Functionality" time="0">
    <skipped/>
  </testcase>
</testsuite>