<?xml version="1.0" encoding="UTF-8"?>
<testsuite name="TestSuite" time="479.171" tests="38" errors="0" skipped="4" failures="4">
  <properties>
[...]
</properties>
  <testcase name="Step_01_Admin_Logs_in_to_the_Application" classname="com.qait.mindtap.tests.NG_30104.NG_30181_TC01_Admin_login_and_search_the_isbn_under_master_Tab" time="4.83"/>
  <testcase name="Step_02_Admin_Search_Course_using_ISBN" classname="com.qait.mindtap.tests.NG_30104.NG_30181_TC01_Admin_login_and_search_the_isbn_under_master_Tab" time="1.68"/>
  <testcase name="Step_03_Admin_Verify_Course_Andesite_mode_checked" classname="com.qait.mindtap.tests.NG_30104.NG_30181_TC01_Admin_login_and_search_the_isbn_under_master_Tab" time="64.105">
    <failure type="java.lang.NullPointerException:">java.lang.NullPointerException: null
	at org.openqa.selenium.support.ui.ExpectedConditions.elementIfVisible(ExpectedConditions.java:302)
	at org.openqa.selenium.support.ui.ExpectedConditions.access$100(ExpectedConditions.java:41)
	at org.openqa.selenium.support.ui.ExpectedConditions$10.apply(ExpectedConditions.java:288)
	at org.openqa.selenium.support.ui.ExpectedConditions$10.apply(ExpectedConditions.java:285)
	at org.openqa.selenium.support.ui.FluentWait.until(FluentWait.java:209)
	at com.qait.mindtap.automation.utils.SeleniumWait.waitForElementToBeVisible(SeleniumWait.java:53)
	at com.qait.mindtap.automation.getpageobjects.GetPage.isElementDisplayed(GetPage.java:245)
	at com.qait.mindtap.keywords.NG_30104.NG_30181_AdminPageActions.open_Course_In_Edit_Mode(NG_30181_AdminPageActions.java:45)
	at com.qait.mindtap.tests.NG_30104.NG_30181_TC01_Admin_login_and_search_the_isbn_under_master_Tab.Step_03_Admin_Verify_Course_Andesite_mode_checked(NG_30181_TC01_Admin_login_and_search_the_isbn_under_master_Tab.java:47)
</failure>
    <system-out><![CDATA[[ASSERT FAIL]: Element Btn_show_copy not found on the NG-30181-AdminPage !!!
]]></system-out>
  </testcase>
  <testcase name="Step_04_Admin_Logs_Out" classname="com.qait.mindtap.tests.NG_30104.NG_30181_TC01_Admin_login_and_search_the_isbn_under_master_Tab" time="0">
    <skipped/>
  </testcase>
  <testcase name="Step_01_Instructor_Logs_in_to_the_Application" classname="com.qait.mindtap.tests.NG_30104.NG_30181_TC02_Instructor_Creates_Course" time="30.344"/>
  <testcase name="Step_02_Instructor_Search_Course_using_ISBN" classname="com.qait.mindtap.tests.NG_30104.NG_30181_TC02_Instructor_Creates_Course" time="1.583"/>
  <testcase name="Step_03_Instructor_check_Course_Checkbox" classname="com.qait.mindtap.tests.NG_30104.NG_30181_TC02_Instructor_Creates_Course" time="6.184"/>
  <testcase name="Step_04_Instructor_Creates_Course" classname="com.qait.mindtap.tests.NG_30104.NG_30181_TC02_Instructor_Creates_Course" time="1.94"/>
  <testcase name="Step_05_Instructor_Enters_Course_Details" classname="com.qait.mindtap.tests.NG_30104.NG_30181_TC02_Instructor_Creates_Course" time="10.228"/>
  <testcase name="Step_06_Confirm_Course_Details" classname="com.qait.mindtap.tests.NG_30104.NG_30181_TC02_Instructor_Creates_Course" time="0.14"/>
  <testcase name="Step_07_Instructor_SignOut" classname="com.qait.mindtap.tests.NG_30104.NG_30181_TC02_Instructor_Creates_Course" time="2.81"/>
  <testcase name="Step_01_Instructor_Logs_in_to_the_Application" classname="com.qait.mindtap.tests.NG_30104.NG_30181_TC04_Instructor_Launch_the_Course" time="30.89"/>
  <testcase name="Step_02_Instructor_Manages_Course_From_SSO" classname="com.qait.mindtap.tests.NG_30104.NG_30181_TC04_Instructor_Launch_the_Course" time="7.476"/>
  <testcase name="Step_03_Instructor_Enrols_TA_IN_Course" classname="com.qait.mindtap.tests.NG_30104.NG_30181_TC04_Instructor_Launch_the_Course" time="25.68"/>
  <testcase name="Step_04_verify_Spalsh_Page_Dispalys_Automatically" classname="com.qait.mindtap.tests.NG_30104.NG_30181_TC04_Instructor_Launch_the_Course" time="5.802"/>
  <testcase name="Step_05_Verify_Weeks_CurrentWeekIcon_Displays_Along_Month_and_Date" classname="com.qait.mindtap.tests.NG_30104.NG_30181_TC04_Instructor_Launch_the_Course" time="27.86"/>
  <testcase name="Step_06_Verify_Expand_Collapse_Functionality" classname="com.qait.mindtap.tests.NG_30104.NG_30181_TC04_Instructor_Launch_the_Course" time="2.302"/>
  <testcase name="Step_07_verify_Splash_Page" classname="com.qait.mindtap.tests.NG_30104.NG_30181_TC04_Instructor_Launch_the_Course" time="2.751"/>
  <testcase name="Step_08_Verify_Rolling_Week_UI" classname="com.qait.mindtap.tests.NG_30104.NG_30181_TC04_Instructor_Launch_the_Course" time="18.001">
    <failure message="[ASSERT FAIL]: color of coursename is not blue expected [true] but found [false]" type="java.lang.AssertionError">java.lang.AssertionError: [ASSERT FAIL]: color of coursename is not blue expected [true] but found [false]
	at org.testng.Assert.fail(Assert.java:94)
	at org.testng.Assert.failNotEquals(Assert.java:496)
	at org.testng.Assert.assertTrue(Assert.java:42)
	at com.qait.mindtap.keywords.NG_30104.WeekWidgetActions.couresNameInBlueHeader(WeekWidgetActions.java:16)
	at com.qait.mindtap.tests.NG_30104.NG_30181_TC04_Instructor_Launch_the_Course.Step_08_Verify_Rolling_Week_UI(NG_30181_TC04_Instructor_Launch_the_Course.java:84)
</failure>
    <system-out><![CDATA[[ASSERT PASS]: element headerBody is displayed.
[ASSERT PASS]: element mindtapLogo is displayed.
[ASSERT PASS]: Hello User is shown 
]]></system-out>
  </testcase>
  <testcase name="Step_07_Instructor_SignOut" classname="com.qait.mindtap.tests.NG_30104.NG_30181_TC04_Instructor_Launch_the_Course" time="0">
    <skipped/>
  </testcase>
  <testcase name="Step_01_Student_Logs_in_to_the_Application" classname="com.qait.mindtap.tests.NG_30104.NG_30181_TC05_Student_Launch_the_Course" time="37.492"/>
  <testcase name="Step_02_Student_Registers_Course" classname="com.qait.mindtap.tests.NG_30104.NG_30181_TC05_Student_Launch_the_Course" time="3.128"/>
  <testcase name="Step_03_Student_Launch_Course" classname="com.qait.mindtap.tests.NG_30104.NG_30181_TC05_Student_Launch_the_Course" time="11.882"/>
  <testcase name="Step_04_verify_Spalsh_Page_Dispalys_Automatically" classname="com.qait.mindtap.tests.NG_30104.NG_30181_TC05_Student_Launch_the_Course" time="14.723"/>
  <testcase name="Step_05_Verify_Weeks_CurrentWeekIcon_Displays_Along_Month_and_Date" classname="com.qait.mindtap.tests.NG_30104.NG_30181_TC05_Student_Launch_the_Course" time="28.307"/>
  <testcase name="Step_06_Verify_Expand_Collapse_Functionality" classname="com.qait.mindtap.tests.NG_30104.NG_30181_TC05_Student_Launch_the_Course" time="2.256"/>
  <testcase name="Step_07_verify_Splash_Page" classname="com.qait.mindtap.tests.NG_30104.NG_30181_TC05_Student_Launch_the_Course" time="2.676"/>
  <testcase name="Step_08_Verify_Rolling_Week_UI" classname="com.qait.mindtap.tests.NG_30104.NG_30181_TC05_Student_Launch_the_Course" time="18.156">
    <failure message="[ASSERT FAIL]: color of coursename is not blue expected [true] but found [false]" type="java.lang.AssertionError">java.lang.AssertionError: [ASSERT FAIL]: color of coursename is not blue expected [true] but found [false]
	at org.testng.Assert.fail(Assert.java:94)
	at org.testng.Assert.failNotEquals(Assert.java:496)
	at org.testng.Assert.assertTrue(Assert.java:42)
	at com.qait.mindtap.keywords.NG_30104.WeekWidgetActions.couresNameInBlueHeader(WeekWidgetActions.java:16)
	at com.qait.mindtap.tests.NG_30104.NG_30181_TC05_Student_Launch_the_Course.Step_08_Verify_Rolling_Week_UI(NG_30181_TC05_Student_Launch_the_Course.java:85)
</failure>
    <system-out><![CDATA[[ASSERT PASS]: element headerBody is displayed.
[ASSERT PASS]: element mindtapLogo is displayed.
[ASSERT PASS]: Hello User is shown 
]]></system-out>
  </testcase>
  <testcase name="Step_07_Instructor_SignOut" classname="com.qait.mindtap.tests.NG_30104.NG_30181_TC05_Student_Launch_the_Course" time="0">
    <skipped/>
  </testcase>
  <testcase name="Step_01_Student_Logs_in_to_the_Application" classname="com.qait.mindtap.tests.NG_30104.NG_30181_TC06_TA_Launch_the_Course" time="39.035"/>
  <testcase name="Step_02_Student_Registers_Course" classname="com.qait.mindtap.tests.NG_30104.NG_30181_TC06_TA_Launch_the_Course" time="2.442"/>
  <testcase name="Step_03_Student_Launch_Course" classname="com.qait.mindtap.tests.NG_30104.NG_30181_TC06_TA_Launch_the_Course" time="10.459"/>
  <testcase name="Step_04_verify_Spalsh_Page_Dispalys_Automatically" classname="com.qait.mindtap.tests.NG_30104.NG_30181_TC06_TA_Launch_the_Course" time="13.886"/>
  <testcase name="Step_05_Verify_Weeks_CurrentWeekIcon_Displays_Along_Month_and_Date" classname="com.qait.mindtap.tests.NG_30104.NG_30181_TC06_TA_Launch_the_Course" time="27.822"/>
  <testcase name="Step_06_Verify_Expand_Collapse_Functionality" classname="com.qait.mindtap.tests.NG_30104.NG_30181_TC06_TA_Launch_the_Course" time="2.277"/>
  <testcase name="Step_07_verify_Splash_Page" classname="com.qait.mindtap.tests.NG_30104.NG_30181_TC06_TA_Launch_the_Course" time="2.704"/>
  <testcase name="Step_08_Verify_Rolling_Week_UI" classname="com.qait.mindtap.tests.NG_30104.NG_30181_TC06_TA_Launch_the_Course" time="17.32">
    <failure message="[ASSERT FAIL]: color of coursename is not blue expected [true] but found [false]" type="java.lang.AssertionError">java.lang.AssertionError: [ASSERT FAIL]: color of coursename is not blue expected [true] but found [false]
	at org.testng.Assert.fail(Assert.java:94)
	at org.testng.Assert.failNotEquals(Assert.java:496)
	at org.testng.Assert.assertTrue(Assert.java:42)
	at com.qait.mindtap.keywords.NG_30104.WeekWidgetActions.couresNameInBlueHeader(WeekWidgetActions.java:16)
	at com.qait.mindtap.tests.NG_30104.NG_30181_TC06_TA_Launch_the_Course.Step_08_Verify_Rolling_Week_UI(NG_30181_TC06_TA_Launch_the_Course.java:85)
</failure>
    <system-out><![CDATA[[ASSERT PASS]: element headerBody is displayed.
[ASSERT PASS]: element mindtapLogo is displayed.
[ASSERT PASS]: Hello User is shown 
]]></system-out>
  </testcase>
  <testcase name="Step_07_Instructor_SignOut" classname="com.qait.mindtap.tests.NG_30104.NG_30181_TC06_TA_Launch_the_Course" time="0">
    <skipped/>
  </testcase>
</testsuite>