<?xml version="1.0" encoding="UTF-8"?>
<testsuite name="com.qait.mindtap.tests.NG_30104.NG_30181_TC06_TA_Launch_the_Course" time="123.585" tests="9" errors="0" skipped="4" failures="1">
  <properties>
[...]
</properties>
  <testcase name="Step_01_Student_Logs_in_to_the_Application" classname="com.qait.mindtap.tests.NG_30104.NG_30181_TC06_TA_Launch_the_Course" time="26.936"/>
  <testcase name="Step_02_Student_Registers_Course" classname="com.qait.mindtap.tests.NG_30104.NG_30181_TC06_TA_Launch_the_Course" time="14.015"/>
  <testcase name="Step_03_Student_Launch_Course" classname="com.qait.mindtap.tests.NG_30104.NG_30181_TC06_TA_Launch_the_Course" time="15.763"/>
  <testcase name="Step_04_verify_Spalsh_Page_Dispalys_Automatically" classname="com.qait.mindtap.tests.NG_30104.NG_30181_TC06_TA_Launch_the_Course" time="4.416"/>
  <testcase name="Step_05_Verify_Weeks_CurrentWeekIcon_Displays_Along_Month_and_Date" classname="com.qait.mindtap.tests.NG_30104.NG_30181_TC06_TA_Launch_the_Course" time="62.455">
    <failure message="Element not found in the cache - perhaps the page has changed since it was looked up&#10;Command duration or timeout: 31.57 seconds&#10;For documentation on this error, please visit: http://seleniumhq.org/exceptions/stale_element_reference.html&#10;Build info: version: &apos;2.46.0&apos;, revision: &apos;61506a4624b13675f24581e453592342b7485d71&apos;, time: &apos;2015-06-04 10:22:50&apos;&#10;System info: host: &apos;LNDA0021&apos;, ip: &apos;10.0.9.31&apos;, os.name: &apos;Windows 7&apos;, os.arch: &apos;x86&apos;, os.version: &apos;6.1&apos;, java.version: &apos;1.8.0_51&apos;&#10;Driver info: org.openqa.selenium.firefox.FirefoxDriver&#10;Capabilities [{applicationCacheEnabled=true, rotatable=false, handlesAlerts=true, databaseEnabled=true, version=40.0.3, platform=WINDOWS, nativeEvents=false, acceptSslCerts=true, webStorageEnabled=true, locationContextEnabled=true, browserName=firefox, takesScreenshot=true, javascriptEnabled=true, cssSelectorsEnabled=true}]&#10;Session ID: d5fa4e5b-0529-4943-b9c2-b9e8a3782638" type="org.openqa.selenium.StaleElementReferenceException"><![CDATA[org.openqa.selenium.StaleElementReferenceException: Element not found in the cache - perhaps the page has changed since it was looked up
Command duration or timeout: 31.57 seconds
For documentation on this error, please visit: http://seleniumhq.org/exceptions/stale_element_reference.html
Build info: version: '2.46.0', revision: '61506a4624b13675f24581e453592342b7485d71', time: '2015-06-04 10:22:50'
System info: host: 'LNDA0021', ip: '10.0.9.31', os.name: 'Windows 7', os.arch: 'x86', os.version: '6.1', java.version: '1.8.0_51'
Driver info: org.openqa.selenium.firefox.FirefoxDriver
Capabilities [{applicationCacheEnabled=true, rotatable=false, handlesAlerts=true, databaseEnabled=true, version=40.0.3, platform=WINDOWS, nativeEvents=false, acceptSslCerts=true, webStorageEnabled=true, locationContextEnabled=true, browserName=firefox, takesScreenshot=true, javascriptEnabled=true, cssSelectorsEnabled=true}]
Session ID: d5fa4e5b-0529-4943-b9c2-b9e8a3782638
	at sun.reflect.NativeConstructorAccessorImpl.newInstance0(Native Method)
	at sun.reflect.NativeConstructorAccessorImpl.newInstance(NativeConstructorAccessorImpl.java:62)
	at sun.reflect.DelegatingConstructorAccessorImpl.newInstance(DelegatingConstructorAccessorImpl.java:45)
	at java.lang.reflect.Constructor.newInstance(Constructor.java:422)
	at org.openqa.selenium.remote.ErrorHandler.createThrowable(ErrorHandler.java:204)
	at org.openqa.selenium.remote.ErrorHandler.throwIfResponseFailed(ErrorHandler.java:156)
	at org.openqa.selenium.remote.RemoteWebDriver.execute(RemoteWebDriver.java:605)
	at org.openqa.selenium.remote.RemoteWebElement.execute(RemoteWebElement.java:269)
	at org.openqa.selenium.remote.RemoteWebElement.isDisplayed(RemoteWebElement.java:310)
	at com.qait.mindtap.automation.getpageobjects.GetPage.checkIfElementIsNotThere(GetPage.java:184)
	at com.qait.mindtap.keywords.NG_30104.WeekWidgetActions.verifyCurrentWeekIcon(WeekWidgetActions.java:71)
	at com.qait.mindtap.tests.NG_30104.NG_30181_TC06_TA_Launch_the_Course.Step_05_Verify_Weeks_CurrentWeekIcon_Displays_Along_Month_and_Date(NG_30181_TC06_TA_Launch_the_Course.java:62)
Caused by: org.openqa.selenium.StaleElementReferenceException: Element not found in the cache - perhaps the page has changed since it was looked up
For documentation on this error, please visit: http://seleniumhq.org/exceptions/stale_element_reference.html
Build info: version: '2.46.0', revision: '61506a4624b13675f24581e453592342b7485d71', time: '2015-06-04 10:22:50'
System info: host: 'LNDA0021', ip: '10.0.9.31', os.name: 'Windows 7', os.arch: 'x86', os.version: '6.1', java.version: '1.8.0_51'
Driver info: driver.version: unknown
	at <anonymous class>.fxdriver.cache.getElementAt(resource://fxdriver/modules/web-element-cache.js:8981)
	at <anonymous class>.Utils.getElementAt(file:///C:/Users/AYUSHG~1/AppData/Local/Temp/anonymous394972236030728997webdriver-profile/extensions/fxdriver@googlecode.com/components/command-processor.js:8574)
	at <anonymous class>.WebElement.isElementDisplayed(file:///C:/Users/AYUSHG~1/AppData/Local/Temp/anonymous394972236030728997webdriver-profile/extensions/fxdriver@googlecode.com/components/command-processor.js:11807)
	at <anonymous class>.DelayedCommand.prototype.executeInternal_/h(file:///C:/Users/AYUSHG~1/AppData/Local/Temp/anonymous394972236030728997webdriver-profile/extensions/fxdriver@googlecode.com/components/command-processor.js:12282)
	at <anonymous class>.fxdriver.Timer.prototype.setTimeout/<.notify(file:///C:/Users/AYUSHG~1/AppData/Local/Temp/anonymous394972236030728997webdriver-profile/extensions/fxdriver@googlecode.com/components/command-processor.js:603)
]]></failure>
  </testcase>
  <testcase name="Step_06_Verify_Expand_Collapse_Functionality" classname="com.qait.mindtap.tests.NG_30104.NG_30181_TC06_TA_Launch_the_Course" time="0">
    <skipped/>
  </testcase>
  <testcase name="Step_07_verify_Splash_Page" classname="com.qait.mindtap.tests.NG_30104.NG_30181_TC06_TA_Launch_the_Course" time="0">
    <skipped/>
  </testcase>
  <testcase name="Step_08_Verify_Rolling_Week_UI" classname="com.qait.mindtap.tests.NG_30104.NG_30181_TC06_TA_Launch_the_Course" time="0">
    <skipped/>
  </testcase>
  <testcase name="Step_07_user_LogOut" classname="com.qait.mindtap.tests.NG_30104.NG_30181_TC06_TA_Launch_the_Course" time="0">
    <skipped/>
  </testcase>
</testsuite>