<?xml version="1.0" encoding="UTF-8"?>
<testsuite name="TestSuite" time="440.667" tests="40" errors="0" skipped="17" failures="2">
  <properties>
[...]
</properties>
  <testcase name="Step_01_Instructor_Logs_in_to_the_Application" classname="com.qait.mindtap.tests.NG_30370.TC01_Instructor_Creates_Course" time="36.322"/>
  <testcase name="Step_02_Instructor_Search_Course_using_ISBN" classname="com.qait.mindtap.tests.NG_30370.TC01_Instructor_Creates_Course" time="2.224"/>
  <testcase name="Step_03_Instructor_check_Course_Checkbox" classname="com.qait.mindtap.tests.NG_30370.TC01_Instructor_Creates_Course" time="10.062"/>
  <testcase name="Step_04_Instructor_Creates_Course" classname="com.qait.mindtap.tests.NG_30370.TC01_Instructor_Creates_Course" time="1.072"/>
  <testcase name="Step_05_Instructor_Enters_Course_Details" classname="com.qait.mindtap.tests.NG_30370.TC01_Instructor_Creates_Course" time="12.109"/>
  <testcase name="Step_06_Confirm_Course_Details" classname="com.qait.mindtap.tests.NG_30370.TC01_Instructor_Creates_Course" time="0.161"/>
  <testcase name="Step_07_Instructor_SignOut" classname="com.qait.mindtap.tests.NG_30370.TC01_Instructor_Creates_Course" time="3"/>
  <testcase name="Step_01_Instructor_Logs_in_to_the_Application" classname="com.qait.mindtap.tests.NG_30370.TC02_Instructor_Adds_Offline_Activity" time="43.382"/>
  <testcase name="Step_02_Instructor_Manages_Course_From_SSO" classname="com.qait.mindtap.tests.NG_30370.TC02_Instructor_Adds_Offline_Activity" time="22.15"/>
  <testcase name="Step_03_verify_Spalsh_Page_Dispalys_Automatically" classname="com.qait.mindtap.tests.NG_30370.TC02_Instructor_Adds_Offline_Activity" time="63.263"/>
  <testcase name="Step_04_start_admin_test_session" classname="com.qait.mindtap.tests.NG_30370.TC02_Instructor_Adds_Offline_Activity" time="1.12"/>
  <testcase name="Step_05_Admin_Logs_in_to_the_Application" classname="com.qait.mindtap.tests.NG_30370.TC02_Instructor_Adds_Offline_Activity" time="6.8"/>
  <testcase name="Step_06_Admin_Search_Course" classname="com.qait.mindtap.tests.NG_30370.TC02_Instructor_Adds_Offline_Activity" time="33.547">
    <failure type="java.lang.NullPointerException:">java.lang.NullPointerException: null
	at org.openqa.selenium.support.ui.ExpectedConditions.elementIfVisible(ExpectedConditions.java:302)
	at org.openqa.selenium.support.ui.ExpectedConditions.access$100(ExpectedConditions.java:41)
	at org.openqa.selenium.support.ui.ExpectedConditions$10.apply(ExpectedConditions.java:288)
	at org.openqa.selenium.support.ui.ExpectedConditions$10.apply(ExpectedConditions.java:285)
	at org.openqa.selenium.support.ui.FluentWait.until(FluentWait.java:209)
	at com.qait.mindtap.automation.utils.SeleniumWait.waitForElementToBeVisible(SeleniumWait.java:53)
	at com.qait.mindtap.automation.getpageobjects.GetPage.isElementDisplayed(GetPage.java:196)
	at com.qait.mindtap.keywords.NG_30181_AdminPageActions.search_Course_Using_CourseKey(NG_30181_AdminPageActions.java:62)
	at com.qait.mindtap.tests.NG_30370.TC02_Instructor_Adds_Offline_Activity.Step_06_Admin_Search_Course(TC02_Instructor_Adds_Offline_Activity.java:77)
</failure>
    <system-out><![CDATA[[ASSERT PASS]: element mindtap_toolbar is displayed.
[ASSERT PASS]: element admin_dashboard with text Admin Dashboard is displayed.
[ASSERT PASS]: element inputOrganizationSearch is displayed.
[ASSERT PASS]: element courseOrganization is displayed.
[ASSERT PASS]: element courseProvisioned is displayed.
[ASSERT FAIL]: Element courseCollege not found on the NG-30181-AdminPage !!!
]]></system-out>
  </testcase>
  <testcase name="step_07_Instructor_Logs_Again" classname="com.qait.mindtap.tests.NG_30370.TC02_Instructor_Adds_Offline_Activity" time="0">
    <skipped/>
    <system-out><![CDATA[[INFO]: Save Image File Path : C:\Users\ayushgaur\Desktop\New folder (2)\MT_Automation_V8\./target/screenshots/\TC01_Instructor_Adds_Offline_Activity\2015_10_19_06_38_PM\screenshot.png
]]></system-out>
  </testcase>
  <testcase name="Step_08_Instructor_Logs_in_to_the_Application" classname="com.qait.mindtap.tests.NG_30370.TC02_Instructor_Adds_Offline_Activity" time="0">
    <skipped/>
  </testcase>
  <testcase name="Step_09_Instructor_Manages_Course_From_SSO" classname="com.qait.mindtap.tests.NG_30370.TC02_Instructor_Adds_Offline_Activity" time="0">
    <skipped/>
  </testcase>
  <testcase name="Step_10_Verify_RollingWeekUI_And_Select_OfflineActivity" classname="com.qait.mindtap.tests.NG_30370.TC02_Instructor_Adds_Offline_Activity" time="0">
    <skipped/>
  </testcase>
  <testcase name="Step_11_Instructor_Enters_Detail_In_OfflineActivity" classname="com.qait.mindtap.tests.NG_30370.TC02_Instructor_Adds_Offline_Activity" time="0">
    <skipped/>
  </testcase>
  <testcase name="Step_12_Verify_Rolling_Week_UI" classname="com.qait.mindtap.tests.NG_30370.TC02_Instructor_Adds_Offline_Activity" time="0">
    <skipped/>
  </testcase>
  <testcase name="Step_13_Verify_Activity_Gets_Added" classname="com.qait.mindtap.tests.NG_30370.TC02_Instructor_Adds_Offline_Activity" time="0">
    <skipped/>
  </testcase>
  <testcase name="Step_01_Instructor_Logs_in_to_the_Application" classname="com.qait.mindtap.tests.NG_30370.TC01_Instructor_Creates_Course" time="31.246"/>
  <testcase name="Step_02_Instructor_Search_Course_using_ISBN" classname="com.qait.mindtap.tests.NG_30370.TC01_Instructor_Creates_Course" time="1.811"/>
  <testcase name="Step_03_Instructor_check_Course_Checkbox" classname="com.qait.mindtap.tests.NG_30370.TC01_Instructor_Creates_Course" time="9.054"/>
  <testcase name="Step_04_Instructor_Creates_Course" classname="com.qait.mindtap.tests.NG_30370.TC01_Instructor_Creates_Course" time="2.02"/>
  <testcase name="Step_05_Instructor_Enters_Course_Details" classname="com.qait.mindtap.tests.NG_30370.TC01_Instructor_Creates_Course" time="12.948"/>
  <testcase name="Step_06_Confirm_Course_Details" classname="com.qait.mindtap.tests.NG_30370.TC01_Instructor_Creates_Course" time="0.175"/>
  <testcase name="Step_07_Instructor_SignOut" classname="com.qait.mindtap.tests.NG_30370.TC01_Instructor_Creates_Course" time="2.74"/>
  <testcase name="Step_01_Instructor_Logs_in_to_the_Application" classname="com.qait.mindtap.tests.NG_30370.TC03_Instructor_Cancel_Offline_Activity" time="31.01"/>
  <testcase name="Step_02_Instructor_Manages_Course_From_SSO" classname="com.qait.mindtap.tests.NG_30370.TC03_Instructor_Cancel_Offline_Activity" time="27.015"/>
  <testcase name="Step_03_verify_Spalsh_Page_Dispalys_Automatically" classname="com.qait.mindtap.tests.NG_30370.TC03_Instructor_Cancel_Offline_Activity" time="87.436">
    <failure type="java.lang.NullPointerException:">java.lang.NullPointerException: null
	at com.qait.mindtap.keywords.NG_30181_LoginPageActions.signout(NG_30181_LoginPageActions.java:66)
	at com.qait.mindtap.tests.NG_30370.TC03_Instructor_Cancel_Offline_Activity.Step_03_verify_Spalsh_Page_Dispalys_Automatically(TC03_Instructor_Cancel_Offline_Activity.java:66)
</failure>
    <system-out><![CDATA[[ASSERT PASS]: element courseName is displayed.
[ASSERT PASS]: Splash Page is displayed
[ASSERT PASS]: element enter is displayed.
[ASSERT PASS]: element currentWeekIcon is displayed.
[ASSERT PASS]: Current Week icon is displayed
[ASSERT FAIL]: Element icon_signout not found on the NG-30181-LoginPage !!!
]]></system-out>
  </testcase>
  <testcase name="Step_04_start_admin_test_session" classname="com.qait.mindtap.tests.NG_30370.TC03_Instructor_Cancel_Offline_Activity" time="0">
    <skipped/>
    <system-out><![CDATA[[INFO]: Save Image File Path : C:\Users\ayushgaur\Desktop\New folder (2)\MT_Automation_V8\./target/screenshots/\TC01_Instructor_Adds_Offline_Activity\2015_10_19_06_41_PM\screenshot.png
]]></system-out>
  </testcase>
  <testcase name="Step_05_Admin_Logs_in_to_the_Application" classname="com.qait.mindtap.tests.NG_30370.TC03_Instructor_Cancel_Offline_Activity" time="0">
    <skipped/>
  </testcase>
  <testcase name="Step_06_Admin_Search_Course" classname="com.qait.mindtap.tests.NG_30370.TC03_Instructor_Cancel_Offline_Activity" time="0">
    <skipped/>
  </testcase>
  <testcase name="step_07_Instructor_Logs_Again" classname="com.qait.mindtap.tests.NG_30370.TC03_Instructor_Cancel_Offline_Activity" time="0">
    <skipped/>
  </testcase>
  <testcase name="Step_08_Instructor_Logs_in_to_the_Application" classname="com.qait.mindtap.tests.NG_30370.TC03_Instructor_Cancel_Offline_Activity" time="0">
    <skipped/>
  </testcase>
  <testcase name="Step_09_Instructor_Manages_Course_From_SSO" classname="com.qait.mindtap.tests.NG_30370.TC03_Instructor_Cancel_Offline_Activity" time="0">
    <skipped/>
  </testcase>
  <testcase name="Step_10_Verify_RollingWeekUI_And_Select_OfflineActivity" classname="com.qait.mindtap.tests.NG_30370.TC03_Instructor_Cancel_Offline_Activity" time="0">
    <skipped/>
  </testcase>
  <testcase name="Step_11_Instructor_Enters_Detail_In_OfflineActivity" classname="com.qait.mindtap.tests.NG_30370.TC03_Instructor_Cancel_Offline_Activity" time="0">
    <skipped/>
  </testcase>
  <testcase name="Step_12_Verify_Rolling_Week_UI" classname="com.qait.mindtap.tests.NG_30370.TC03_Instructor_Cancel_Offline_Activity" time="0">
    <skipped/>
  </testcase>
  <testcase name="Step_13_Verify_Activity_Not_Gets_Added" classname="com.qait.mindtap.tests.NG_30370.TC03_Instructor_Cancel_Offline_Activity" time="0">
    <skipped/>
  </testcase>
</testsuite>