<?xml version="1.0" encoding="UTF-8"?>
<!-- Generated by org.testng.reporters.JUnitXMLReporter -->
<testsuite hostname="LNDA0021" name="Command line test c01d2fe2-5be8-43d5-a39c-2e3e02a93da2" tests="9" failures="1" timestamp="6 Oct 2015 06:27:31 GMT" time="125.265" errors="0">
  <testcase name="Step_01_Instructor_Logs_in_to_the_Application" time="24.419" classname="com.qait.mindtap.tests.NG_30104.NG_30181_TC04_Instructor_Launch_the_Course"/>
  <testcase name="Step_02_Instructor_Manages_Course_From_SSO" time="1.947" classname="com.qait.mindtap.tests.NG_30104.NG_30181_TC04_Instructor_Launch_the_Course"/>
  <testcase name="Step_03_Instructor_Enrols_TA_IN_Course" time="13.779" classname="com.qait.mindtap.tests.NG_30104.NG_30181_TC04_Instructor_Launch_the_Course"/>
  <testcase name="Step_04_verify_Spalsh_Page_Dispalys_Automatically" time="0.0" classname="com.qait.mindtap.tests.NG_30104.NG_30181_TC04_Instructor_Launch_the_Course"/>
  <testcase name="Step_05_Verify_Weeks_CurrentWeekIcon_Displays_Along_Month_and_Date" time="77.443" classname="com.qait.mindtap.tests.NG_30104.NG_30181_TC04_Instructor_Launch_the_Course">
    <failure type="java.lang.NullPointerException">
      <![CDATA[java.lang.NullPointerException
	at org.openqa.selenium.support.ui.ExpectedConditions.elementIfVisible(ExpectedConditions.java:302)
	at org.openqa.selenium.support.ui.ExpectedConditions.access$100(ExpectedConditions.java:41)
	at org.openqa.selenium.support.ui.ExpectedConditions$10.apply(ExpectedConditions.java:288)
	at org.openqa.selenium.support.ui.ExpectedConditions$10.apply(ExpectedConditions.java:285)
	at org.openqa.selenium.support.ui.FluentWait.until(FluentWait.java:209)
	at com.qait.mindtap.automation.utils.SeleniumWait.waitForElementToBeVisible(SeleniumWait.java:53)
	at com.qait.mindtap.automation.getpageobjects.GetPage.isElementDisplayed(GetPage.java:245)
	at com.qait.mindtap.keywords.NG_30104.WeekWidgetActions.verifyCurrentWeekIcon(WeekWidgetActions.java:73)
	at com.qait.mindtap.tests.NG_30104.NG_30181_TC04_Instructor_Launch_the_Course.Step_05_Verify_Weeks_CurrentWeekIcon_Displays_Along_Month_and_Date(NG_30181_TC04_Instructor_Launch_the_Course.java:61)
... Removed 28 stack frames]]>
    </failure>
  </testcase> <!-- Step_05_Verify_Weeks_CurrentWeekIcon_Displays_Along_Month_and_Date -->
  <testcase name="Step_06_Verify_Expand_Collapse_Functionality" time="0.0" classname="com.qait.mindtap.tests.NG_30104.NG_30181_TC04_Instructor_Launch_the_Course">
    <skipped/>
  </testcase> <!-- Step_06_Verify_Expand_Collapse_Functionality -->
  <testcase name="Step_07_verify_Splash_Page" time="0.0" classname="com.qait.mindtap.tests.NG_30104.NG_30181_TC04_Instructor_Launch_the_Course">
    <skipped/>
  </testcase> <!-- Step_07_verify_Splash_Page -->
  <testcase name="Step_08_Verify_Rolling_Week_UI" time="0.0" classname="com.qait.mindtap.tests.NG_30104.NG_30181_TC04_Instructor_Launch_the_Course">
    <skipped/>
  </testcase> <!-- Step_08_Verify_Rolling_Week_UI -->
  <testcase name="Step_07_Instructor_SignOut" time="0.0" classname="com.qait.mindtap.tests.NG_30104.NG_30181_TC04_Instructor_Launch_the_Course">
    <skipped/>
  </testcase> <!-- Step_07_Instructor_SignOut -->
</testsuite> <!-- Command line test c01d2fe2-5be8-43d5-a39c-2e3e02a93da2 -->
