<?xml version="1.0" encoding="UTF-8"?>
<!-- Generated by org.testng.reporters.JUnitXMLReporter -->
<testsuite hostname="LNDA0021" name="Command line test 5e97121b-6cff-4c04-9425-de946b37b3d8" tests="9" failures="0" timestamp="6 Oct 2015 10:37:52 GMT" time="148.082" errors="0">
  <testcase name="Step_01_Instructor_Logs_in_to_the_Application" time="25.973" classname="com.qait.mindtap.tests.NG_30104.NG_30181_TC04_Instructor_Launch_the_Course"/>
  <testcase name="Step_02_Instructor_Manages_Course_From_SSO" time="5.872" classname="com.qait.mindtap.tests.NG_30104.NG_30181_TC04_Instructor_Launch_the_Course"/>
  <testcase name="Step_03_Instructor_Enrols_TA_IN_Course" time="27.807" classname="com.qait.mindtap.tests.NG_30104.NG_30181_TC04_Instructor_Launch_the_Course"/>
  <testcase name="Step_04_verify_Spalsh_Page_Dispalys_Automatically" time="4.88" classname="com.qait.mindtap.tests.NG_30104.NG_30181_TC04_Instructor_Launch_the_Course"/>
  <testcase name="Step_05_Verify_Weeks_CurrentWeekIcon_Displays_Along_Month_and_Date" time="52.224" classname="com.qait.mindtap.tests.NG_30104.NG_30181_TC04_Instructor_Launch_the_Course"/>
  <testcase name="Step_06_Verify_Expand_Collapse_Functionality" time="2.473" classname="com.qait.mindtap.tests.NG_30104.NG_30181_TC04_Instructor_Launch_the_Course"/>
  <testcase name="Step_07_verify_Splash_Page" time="0.746" classname="com.qait.mindtap.tests.NG_30104.NG_30181_TC04_Instructor_Launch_the_Course"/>
  <testcase name="Step_08_Verify_Rolling_Week_UI" time="18.594" classname="com.qait.mindtap.tests.NG_30104.NG_30181_TC04_Instructor_Launch_the_Course"/>
  <testcase name="Step_07_user_LogOut" time="2.681" classname="com.qait.mindtap.tests.NG_30104.NG_30181_TC04_Instructor_Launch_the_Course"/>
</testsuite> <!-- Command line test 5e97121b-6cff-4c04-9425-de946b37b3d8 -->
