<?xml version="1.0" encoding="UTF-8"?>
<!-- Generated by org.testng.reporters.JUnitXMLReporter -->
<testsuite hostname="LNDA0021" name="Command line test fd0f675f-765e-4957-a60a-7c65f906788d" tests="9" failures="1" timestamp="6 Oct 2015 06:45:14 GMT" time="126.08" errors="0">
  <testcase name="Step_01_Instructor_Logs_in_to_the_Application" time="28.005" classname="com.qait.mindtap.tests.NG_30104.NG_30181_TC04_Instructor_Launch_the_Course"/>
  <testcase name="Step_02_Instructor_Manages_Course_From_SSO" time="1.986" classname="com.qait.mindtap.tests.NG_30104.NG_30181_TC04_Instructor_Launch_the_Course"/>
  <testcase name="Step_03_Instructor_Enrols_TA_IN_Course" time="12.428" classname="com.qait.mindtap.tests.NG_30104.NG_30181_TC04_Instructor_Launch_the_Course"/>
  <testcase name="Step_04_verify_Spalsh_Page_Dispalys_Automatically" time="0.0" classname="com.qait.mindtap.tests.NG_30104.NG_30181_TC04_Instructor_Launch_the_Course"/>
  <testcase name="Step_05_Verify_Weeks_CurrentWeekIcon_Displays_Along_Month_and_Date" time="53.553" classname="com.qait.mindtap.tests.NG_30104.NG_30181_TC04_Instructor_Launch_the_Course"/>
  <testcase name="Step_06_Verify_Expand_Collapse_Functionality" time="2.472" classname="com.qait.mindtap.tests.NG_30104.NG_30181_TC04_Instructor_Launch_the_Course"/>
  <testcase name="Step_07_verify_Splash_Page" time="1.163" classname="com.qait.mindtap.tests.NG_30104.NG_30181_TC04_Instructor_Launch_the_Course"/>
  <testcase name="Step_08_Verify_Rolling_Week_UI" time="18.807" classname="com.qait.mindtap.tests.NG_30104.NG_30181_TC04_Instructor_Launch_the_Course">
    <failure type="java.lang.AssertionError" message="[ASSERT FAIL]: color of coursename is not blue expected [true] but found [false]">
      <![CDATA[java.lang.AssertionError: [ASSERT FAIL]: color of coursename is not blue expected [true] but found [false]
	at com.qait.mindtap.keywords.NG_30104.WeekWidgetActions.couresNameInBlueHeader(WeekWidgetActions.java:18)
	at com.qait.mindtap.tests.NG_30104.NG_30181_TC04_Instructor_Launch_the_Course.Step_08_Verify_Rolling_Week_UI(NG_30181_TC04_Instructor_Launch_the_Course.java:84)
... Removed 31 stack frames]]>
    </failure>
  </testcase> <!-- Step_08_Verify_Rolling_Week_UI -->
  <testcase name="Step_07_Instructor_SignOut" time="0.0" classname="com.qait.mindtap.tests.NG_30104.NG_30181_TC04_Instructor_Launch_the_Course">
    <skipped/>
  </testcase> <!-- Step_07_Instructor_SignOut -->
</testsuite> <!-- Command line test fd0f675f-765e-4957-a60a-7c65f906788d -->
