<?xml version="1.0" encoding="UTF-8"?>
<!-- Generated by org.testng.reporters.JUnitXMLReporter -->
<testsuite hostname="LNDA0021" name="Command line test 2310d92e-32c3-481e-ba3e-9a4ffea6a1f4" tests="9" failures="1" timestamp="6 Oct 2015 06:38:10 GMT" time="120.989" errors="0">
  <testcase name="Step_01_Instructor_Logs_in_to_the_Application" time="27.837" classname="com.qait.mindtap.tests.NG_30104.NG_30181_TC04_Instructor_Launch_the_Course"/>
  <testcase name="Step_02_Instructor_Manages_Course_From_SSO" time="1.958" classname="com.qait.mindtap.tests.NG_30104.NG_30181_TC04_Instructor_Launch_the_Course"/>
  <testcase name="Step_03_Instructor_Enrols_TA_IN_Course" time="9.95" classname="com.qait.mindtap.tests.NG_30104.NG_30181_TC04_Instructor_Launch_the_Course"/>
  <testcase name="Step_04_verify_Spalsh_Page_Dispalys_Automatically" time="0.0" classname="com.qait.mindtap.tests.NG_30104.NG_30181_TC04_Instructor_Launch_the_Course"/>
  <testcase name="Step_05_Verify_Weeks_CurrentWeekIcon_Displays_Along_Month_and_Date" time="53.652" classname="com.qait.mindtap.tests.NG_30104.NG_30181_TC04_Instructor_Launch_the_Course"/>
  <testcase name="Step_06_Verify_Expand_Collapse_Functionality" time="2.799" classname="com.qait.mindtap.tests.NG_30104.NG_30181_TC04_Instructor_Launch_the_Course"/>
  <testcase name="Step_07_verify_Splash_Page" time="1.142" classname="com.qait.mindtap.tests.NG_30104.NG_30181_TC04_Instructor_Launch_the_Course"/>
  <testcase name="Step_08_Verify_Rolling_Week_UI" time="17.157" classname="com.qait.mindtap.tests.NG_30104.NG_30181_TC04_Instructor_Launch_the_Course">
    <failure type="java.lang.AssertionError" message="[ASSERT FAIL]: color of coursename is not blue expected [true] but found [false]">
      <![CDATA[java.lang.AssertionError: [ASSERT FAIL]: color of coursename is not blue expected [true] but found [false]
	at com.qait.mindtap.keywords.NG_30104.WeekWidgetActions.couresNameInBlueHeader(WeekWidgetActions.java:16)
	at com.qait.mindtap.tests.NG_30104.NG_30181_TC04_Instructor_Launch_the_Course.Step_08_Verify_Rolling_Week_UI(NG_30181_TC04_Instructor_Launch_the_Course.java:84)
... Removed 31 stack frames]]>
    </failure>
  </testcase> <!-- Step_08_Verify_Rolling_Week_UI -->
  <testcase name="Step_07_Instructor_SignOut" time="0.0" classname="com.qait.mindtap.tests.NG_30104.NG_30181_TC04_Instructor_Launch_the_Course">
    <skipped/>
  </testcase> <!-- Step_07_Instructor_SignOut -->
</testsuite> <!-- Command line test 2310d92e-32c3-481e-ba3e-9a4ffea6a1f4 -->
