<?xml version="1.0" encoding="UTF-8"?>
<!-- Generated by org.testng.reporters.JUnitXMLReporter -->
<testsuite hostname="LNDA0021" name="Command line test 2a15b366-bb28-4cd9-be7a-e20e75b8651d" tests="8" failures="1" timestamp="6 Oct 2015 10:45:33 GMT" time="106.212" errors="0">
  <testcase name="Step_01_Instructor_Logs_in_to_the_Application" time="25.377" classname="com.qait.mindtap.tests.NG_30104.NG_30181_TC03_Instructor_Deletes_Course"/>
  <testcase name="Step_02_Instructor_Manage_Course" time="13.224" classname="com.qait.mindtap.tests.NG_30104.NG_30181_TC03_Instructor_Deletes_Course"/>
  <testcase name="Step_03_Instructor_Drops_Student" time="30.948" classname="com.qait.mindtap.tests.NG_30104.NG_30181_TC03_Instructor_Deletes_Course"/>
  <testcase name="Step_04_user_LogOut" time="30.09" classname="com.qait.mindtap.tests.NG_30104.NG_30181_TC03_Instructor_Deletes_Course">
    <failure type="java.lang.NullPointerException">
      <![CDATA[java.lang.NullPointerException
	at com.qait.mindtap.keywords.NG_30104.NG_30181_LoginPageActions.logOut(NG_30181_LoginPageActions.java:52)
	at com.qait.mindtap.tests.NG_30104.NG_30181_TC03_Instructor_Deletes_Course.Step_04_user_LogOut(NG_30181_TC03_Instructor_Deletes_Course.java:52)
... Removed 28 stack frames]]>
    </failure>
  </testcase> <!-- Step_04_user_LogOut -->
  <testcase name="Step_05_Instructor_Logs_in_to_the_Application_Again" time="0.0" classname="com.qait.mindtap.tests.NG_30104.NG_30181_TC03_Instructor_Deletes_Course">
    <skipped/>
  </testcase> <!-- Step_05_Instructor_Logs_in_to_the_Application_Again -->
  <testcase name="Step_06_Instructor_Manage_Course" time="0.0" classname="com.qait.mindtap.tests.NG_30104.NG_30181_TC03_Instructor_Deletes_Course">
    <skipped/>
  </testcase> <!-- Step_06_Instructor_Manage_Course -->
  <testcase name="Step_07_Instructor_Delete_Course" time="0.0" classname="com.qait.mindtap.tests.NG_30104.NG_30181_TC03_Instructor_Deletes_Course">
    <skipped/>
  </testcase> <!-- Step_07_Instructor_Delete_Course -->
  <testcase name="Step_07_Instructor_SignOut" time="0.0" classname="com.qait.mindtap.tests.NG_30104.NG_30181_TC03_Instructor_Deletes_Course">
    <skipped/>
  </testcase> <!-- Step_07_Instructor_SignOut -->
</testsuite> <!-- Command line test 2a15b366-bb28-4cd9-be7a-e20e75b8651d -->
