-------------------------------------------------------------------------------
Test set: com.qait.mindtap.automation.report.ResultsIT
-------------------------------------------------------------------------------
Tests run: 1, Failures: 1, Errors: 0, Skipped: 0, Time elapsed: 0.522 sec <<< FAILURE!
sendResultsMail(com.qait.mindtap.automation.report.ResultsIT)  Time elapsed: 0.073 sec  <<< FAILURE!
java.lang.NullPointerException
	at com.qait.mindtap.automation.report.ResultsIT.setMailRecipient(ResultsIT.java:150)
	at com.qait.mindtap.automation.report.ResultsIT.sendResultsMail(ResultsIT.java:69)
