<?xml version="1.0" encoding="UTF-8"?>
<testng-results skipped="0" failed="0" total="1" passed="1">
  <reporter-output>
  </reporter-output>
  <suite name="com.qait.mindtap.automation.report.ResultsIT" duration-ms="12911" started-at="2015-10-20T11:09:50Z" finished-at="2015-10-20T11:10:03Z">
    <groups>
    </groups>
    <test name="Command line test" duration-ms="12911" started-at="2015-10-20T11:09:50Z" finished-at="2015-10-20T11:10:03Z">
      <class name="com.qait.mindtap.automation.report.ResultsIT">
        <test-method status="PASS" signature="setupMailConfig()[pri:0, instance:com.qait.mindtap.automation.report.ResultsIT@1e46e8f]" name="setupMailConfig" is-config="true" duration-ms="106" started-at="2015-10-20T16:39:50Z" finished-at="2015-10-20T16:39:50Z">
          <reporter-output>
          </reporter-output>
        </test-method> <!-- setupMailConfig -->
        <test-method status="PASS" signature="sendResultsMail()[pri:0, instance:com.qait.mindtap.automation.report.ResultsIT@1e46e8f]" name="sendResultsMail" duration-ms="12795" started-at="2015-10-20T16:39:50Z" finished-at="2015-10-20T16:40:03Z">
          <reporter-output>
          </reporter-output>
        </test-method> <!-- sendResultsMail -->
      </class> <!-- com.qait.mindtap.automation.report.ResultsIT -->
    </test> <!-- Command line test -->
  </suite> <!-- com.qait.mindtap.automation.report.ResultsIT -->
</testng-results>
