<?xml version="1.0" encoding="UTF-8"?>
<!-- Generated by org.testng.reporters.JUnitXMLReporter -->
<testsuite hostname="LNDA0021" name="Instructor Creates Courses" tests="7" failures="0" timestamp="1 Oct 2015 13:51:18 GMT" time="58.15" errors="0">
  <testcase name="Step_01_Instructor_Logs_in_to_the_Application" time="30.344" classname="com.qait.mindtap.tests.NG_30104.NG_30181_TC02_Instructor_Creates_Course"/>
  <testcase name="Step_02_Instructor_Search_Course_using_ISBN" time="1.583" classname="com.qait.mindtap.tests.NG_30104.NG_30181_TC02_Instructor_Creates_Course"/>
  <testcase name="Step_03_Instructor_check_Course_Checkbox" time="6.184" classname="com.qait.mindtap.tests.NG_30104.NG_30181_TC02_Instructor_Creates_Course"/>
  <testcase name="Step_04_Instructor_Creates_Course" time="1.94" classname="com.qait.mindtap.tests.NG_30104.NG_30181_TC02_Instructor_Creates_Course"/>
  <testcase name="Step_05_Instructor_Enters_Course_Details" time="10.228" classname="com.qait.mindtap.tests.NG_30104.NG_30181_TC02_Instructor_Creates_Course"/>
  <testcase name="Step_06_Confirm_Course_Details" time="0.14" classname="com.qait.mindtap.tests.NG_30104.NG_30181_TC02_Instructor_Creates_Course"/>
  <testcase name="Step_07_Instructor_SignOut" time="2.81" classname="com.qait.mindtap.tests.NG_30104.NG_30181_TC02_Instructor_Creates_Course"/>
</testsuite> <!-- Instructor Creates Courses -->
