<?xml version="1.0" encoding="UTF-8"?>
<!-- Generated by org.testng.reporters.JUnitXMLReporter -->
<testsuite hostname="LNDA0021" name="Student launches the course" tests="9" failures="1" timestamp="1 Oct 2015 11:09:39 GMT" time="122.146" errors="0">
  <testcase name="Step_01_Student_Logs_in_to_the_Application" time="21.271" classname="com.qait.mindtap.tests.NG_30104.NG_30181_TC05_Student_Launch_the_Course"/>
  <testcase name="Step_02_Student_Registers_Course" time="64.582" classname="com.qait.mindtap.tests.NG_30104.NG_30181_TC05_Student_Launch_the_Course">
    <failure type="org.openqa.selenium.TimeoutException" message="Timed out after 30 seconds waiting for visibility of [[RemoteWebDriver: firefox on WINDOWS (34e112c8-2bca-4ccc-8618-21500dd01eef)] -&amp;gt; css selector: .small_green_button]
Build info: version: &amp;apos;2.46.0&amp;apos;, revision: &amp;apos;61506a4624b13675f24581e453592342b7485d71&amp;apos;, time: &amp;apos;2015-06-04 10:22:50&amp;apos;
System info: host: &amp;apos;LNDA0021&amp;apos;, ip: &amp;apos;10.161.237.22&amp;apos;, os.name: &amp;apos;Windows 7&amp;apos;, os.arch: &amp;apos;x86&amp;apos;, os.version: &amp;apos;6.1&amp;apos;, java.version: &amp;apos;1.8.0_51&amp;apos;
Driver info: org.openqa.selenium.remote.RemoteWebDriver
Capabilities [{applicationCacheEnabled=true, rotatable=false, databaseEnabled=true, handlesAlerts=true, version=38.0.5, platform=WINDOWS, nativeEvents=false, acceptSslCerts=true, webdriver.remote.sessionid=34e112c8-2bca-4ccc-8618-21500dd01eef, locationContextEnabled=true, webStorageEnabled=true, browserName=firefox, takesScreenshot=true, javascriptEnabled=true, cssSelectorsEnabled=true}]
Session ID: 34e112c8-2bca-4ccc-8618-21500dd01eef">
      <![CDATA[org.openqa.selenium.TimeoutException: Timed out after 30 seconds waiting for visibility of [[RemoteWebDriver: firefox on WINDOWS (34e112c8-2bca-4ccc-8618-21500dd01eef)] -> css selector: .small_green_button]
Build info: version: '2.46.0', revision: '61506a4624b13675f24581e453592342b7485d71', time: '2015-06-04 10:22:50'
System info: host: 'LNDA0021', ip: '10.161.237.22', os.name: 'Windows 7', os.arch: 'x86', os.version: '6.1', java.version: '1.8.0_51'
Driver info: org.openqa.selenium.remote.RemoteWebDriver
Capabilities [{applicationCacheEnabled=true, rotatable=false, databaseEnabled=true, handlesAlerts=true, version=38.0.5, platform=WINDOWS, nativeEvents=false, acceptSslCerts=true, webdriver.remote.sessionid=34e112c8-2bca-4ccc-8618-21500dd01eef, locationContextEnabled=true, webStorageEnabled=true, browserName=firefox, takesScreenshot=true, javascriptEnabled=true, cssSelectorsEnabled=true}]
Session ID: 34e112c8-2bca-4ccc-8618-21500dd01eef
	at org.openqa.selenium.support.ui.WebDriverWait.timeoutException(WebDriverWait.java:80)
	at org.openqa.selenium.support.ui.FluentWait.until(FluentWait.java:229)
	at com.qait.mindtap.automation.utils.SeleniumWait.waitForElementToBeVisible(SeleniumWait.java:53)
	at com.qait.mindtap.automation.getpageobjects.GetPage.element(GetPage.java:107)
	at com.qait.mindtap.automation.getpageobjects.GetPage.element(GetPage.java:101)
	at com.qait.mindtap.automation.getpageobjects.GetPage.isElementDisplayed(GetPage.java:245)
	at com.qait.mindtap.keywords.NG_30104.NG_30181_ConfirmCourseInformationActions.student_Click_Continue_Button(NG_30181_ConfirmCourseInformationActions.java:21)
	at com.qait.mindtap.tests.NG_30104.NG_30181_TC05_Student_Launch_the_Course.Step_02_Student_Registers_Course(NG_30181_TC05_Student_Launch_the_Course.java:41)
... Removed 27 stack frames]]>
    </failure>
  </testcase> <!-- Step_02_Student_Registers_Course -->
  <testcase name="Step_03_Student_Launch_Course" time="0.0" classname="com.qait.mindtap.tests.NG_30104.NG_30181_TC05_Student_Launch_the_Course">
    <skipped/>
  </testcase> <!-- Step_03_Student_Launch_Course -->
  <testcase name="Step_04_verify_Spalsh_Page_Dispalys_Automatically" time="0.0" classname="com.qait.mindtap.tests.NG_30104.NG_30181_TC05_Student_Launch_the_Course">
    <skipped/>
  </testcase> <!-- Step_04_verify_Spalsh_Page_Dispalys_Automatically -->
  <testcase name="Step_05_Verify_Weeks_CurrentWeekIcon_Displays_Along_Month_and_Date" time="0.0" classname="com.qait.mindtap.tests.NG_30104.NG_30181_TC05_Student_Launch_the_Course">
    <skipped/>
  </testcase> <!-- Step_05_Verify_Weeks_CurrentWeekIcon_Displays_Along_Month_and_Date -->
  <testcase name="Step_06_Verify_Expand_Collapse_Functionality" time="0.0" classname="com.qait.mindtap.tests.NG_30104.NG_30181_TC05_Student_Launch_the_Course">
    <skipped/>
  </testcase> <!-- Step_06_Verify_Expand_Collapse_Functionality -->
  <testcase name="Step_07_verify_Splash_Page" time="0.0" classname="com.qait.mindtap.tests.NG_30104.NG_30181_TC05_Student_Launch_the_Course">
    <skipped/>
  </testcase> <!-- Step_07_verify_Splash_Page -->
  <testcase name="Step_08_Verify_Rolling_Week_UI" time="0.0" classname="com.qait.mindtap.tests.NG_30104.NG_30181_TC05_Student_Launch_the_Course">
    <skipped/>
  </testcase> <!-- Step_08_Verify_Rolling_Week_UI -->
  <testcase name="Step_07_Instructor_SignOut" time="0.0" classname="com.qait.mindtap.tests.NG_30104.NG_30181_TC05_Student_Launch_the_Course">
    <skipped/>
  </testcase> <!-- Step_07_Instructor_SignOut -->
</testsuite> <!-- Student launches the course -->
