<?xml version="1.0" encoding="UTF-8"?>
<!-- Generated by org.testng.reporters.JUnitXMLReporter -->
<testsuite hostname="LNDA0021" name="Command line test d242ecab-8ada-4224-84f6-b59c7554431b" tests="9" failures="1" timestamp="13 Oct 2015 07:34:20 GMT" time="77.046" errors="0">
  <testcase name="Step_01_Instructor_Logs_in_to_the_Application" time="8.846" classname="com.qait.mindtap.tests.NG_30181.TC04_Instructor_Launch_the_Course"/>
  <testcase name="Step_02_Instructor_Manages_Course_From_SSO" time="7.523" classname="com.qait.mindtap.tests.NG_30181.TC04_Instructor_Launch_the_Course"/>
  <testcase name="Step_03_Instructor_Enrols_TA_IN_Course" time="21.778" classname="com.qait.mindtap.tests.NG_30181.TC04_Instructor_Launch_the_Course"/>
  <testcase name="Step_04_verify_Spalsh_Page_Dispalys_Automatically" time="0.0" classname="com.qait.mindtap.tests.NG_30181.TC04_Instructor_Launch_the_Course"/>
  <testcase name="Step_05_Verify_Weeks_CurrentWeekIcon_Displays_Along_Month_and_Date" time="20.494" classname="com.qait.mindtap.tests.NG_30181.TC04_Instructor_Launch_the_Course"/>
  <testcase name="Step_06_Verify_Expand_Collapse_Functionality" time="5.096" classname="com.qait.mindtap.tests.NG_30181.TC04_Instructor_Launch_the_Course"/>
  <testcase name="Step_07_verify_Splash_Page" time="0.0" classname="com.qait.mindtap.tests.NG_30181.TC04_Instructor_Launch_the_Course">
    <failure type="java.lang.NullPointerException">
      <![CDATA[java.lang.NullPointerException
	at org.openqa.selenium.support.ui.ExpectedConditions.elementIfVisible(ExpectedConditions.java:302)
	at org.openqa.selenium.support.ui.ExpectedConditions.access$100(ExpectedConditions.java:41)
	at org.openqa.selenium.support.ui.ExpectedConditions$10.apply(ExpectedConditions.java:288)
	at org.openqa.selenium.support.ui.ExpectedConditions$10.apply(ExpectedConditions.java:285)
	at org.openqa.selenium.support.ui.FluentWait.until(FluentWait.java:209)
	at com.qait.mindtap.automation.utils.SeleniumWait.waitForElementToBeVisible(SeleniumWait.java:53)
	at com.qait.mindtap.automation.getpageobjects.GetPage.isElementEnabled(GetPage.java:284)
	at com.qait.mindtap.keywords.HeaderActions.MindTapIconClick(HeaderActions.java:33)
	at com.qait.mindtap.tests.NG_30181.TC04_Instructor_Launch_the_Course.Step_07_verify_Splash_Page(TC04_Instructor_Launch_the_Course.java:74)
... Removed 28 stack frames]]>
    </failure>
  </testcase> <!-- Step_07_verify_Splash_Page -->
  <testcase name="Step_08_Verify_Rolling_Week_UI" time="0.0" classname="com.qait.mindtap.tests.NG_30181.TC04_Instructor_Launch_the_Course">
    <skipped/>
  </testcase> <!-- Step_08_Verify_Rolling_Week_UI -->
  <testcase name="Step_07_user_LogOut" time="0.0" classname="com.qait.mindtap.tests.NG_30181.TC04_Instructor_Launch_the_Course">
    <skipped/>
  </testcase> <!-- Step_07_user_LogOut -->
</testsuite> <!-- Command line test d242ecab-8ada-4224-84f6-b59c7554431b -->
