<?xml version="1.0" encoding="UTF-8"?>
<!-- Generated by org.testng.reporters.JUnitXMLReporter -->
<testsuite hostname="LNDA0021" name="Command line test d4958722-ef28-455b-ba24-8fac297a6445" tests="7" failures="0" timestamp="1 Oct 2015 11:58:01 GMT" time="126.095" errors="0">
  <testcase name="Step_01_Instructor_Logs_in_to_the_Application" time="34.12" classname="com.qait.mindtap.tests.NG_30104.NG_30181_TC02_Instructor_Creates_Course"/>
  <testcase name="Step_02_Instructor_Search_Course_using_ISBN" time="15.033" classname="com.qait.mindtap.tests.NG_30104.NG_30181_TC02_Instructor_Creates_Course"/>
  <testcase name="Step_03_Instructor_check_Course_Checkbox" time="30.581" classname="com.qait.mindtap.tests.NG_30104.NG_30181_TC02_Instructor_Creates_Course"/>
  <testcase name="Step_04_Instructor_Creates_Course" time="5.404" classname="com.qait.mindtap.tests.NG_30104.NG_30181_TC02_Instructor_Creates_Course"/>
  <testcase name="Step_05_Instructor_Enters_Course_Details" time="18.66" classname="com.qait.mindtap.tests.NG_30104.NG_30181_TC02_Instructor_Creates_Course"/>
  <testcase name="Step_06_Confirm_Course_Details" time="3.53" classname="com.qait.mindtap.tests.NG_30104.NG_30181_TC02_Instructor_Creates_Course"/>
  <testcase name="Step_07_Instructor_SignOut" time="2.503" classname="com.qait.mindtap.tests.NG_30104.NG_30181_TC02_Instructor_Creates_Course"/>
</testsuite> <!-- Command line test d4958722-ef28-455b-ba24-8fac297a6445 -->
